TpTrace Verbose: 0 : 31540, 1, 2022/11/19, 19:40:16.842, 1942635106304, vstest.console.dll, Version: 17.3.1 Current process architecture: X64
TpTrace Verbose: 0 : 31540, 1, 2022/11/19, 19:40:16.843, 1942635118980, vstest.console.dll, Runtime location: C:\Program Files\dotnet\shared\Microsoft.NETCore.App\6.0.11
TpTrace Information: 0 : 31540, 1, 2022/11/19, 19:40:16.848, 1942635168210, vstest.console.dll, FilePatternParser: The given file C:\Users\Mabel\Desktop\RaroAcademy\Projetos\demys_tdd-universidade\demys_universidade.Test\bin\Debug\net6.0\fine-code-coverage\build-output\demys_universidade.Test.dll is a full path.
TpTrace Verbose: 0 : 31540, 1, 2022/11/19, 19:40:16.852, 1942635207890, vstest.console.dll, TestPluginCache.DiscoverTestExtensions: finding test extensions in assemblies ends with: RuntimeProvider.dll TPluginInfo: Microsoft.VisualStudio.TestPlatform.Common.ExtensionFramework.Utilities.TestRuntimePluginInformation TExtension: Microsoft.VisualStudio.TestPlatform.ObjectModel.Host.ITestRuntimeProvider
TpTrace Verbose: 0 : 31540, 1, 2022/11/19, 19:40:16.852, 1942635209162, vstest.console.dll, TestPluginCache.GetExtensionPaths: Filtered extension paths: 
TpTrace Verbose: 0 : 31540, 1, 2022/11/19, 19:40:16.852, 1942635209780, vstest.console.dll, TestPluginCache.GetExtensionPaths: Added default extension paths: C:\Program Files\dotnet\sdk\6.0.403\Extensions\Microsoft.Diagnostics.NETCore.Client.dll
C:\Program Files\dotnet\sdk\6.0.403\Extensions\Microsoft.TestPlatform.Extensions.BlameDataCollector.dll
C:\Program Files\dotnet\sdk\6.0.403\Extensions\Microsoft.TestPlatform.Extensions.EventLogCollector.dll
C:\Program Files\dotnet\sdk\6.0.403\Extensions\Microsoft.TestPlatform.TestHostRuntimeProvider.dll
C:\Program Files\dotnet\sdk\6.0.403\Extensions\Microsoft.VisualStudio.TestPlatform.Extensions.Html.TestLogger.dll
C:\Program Files\dotnet\sdk\6.0.403\Extensions\Microsoft.VisualStudio.TestPlatform.Extensions.Trx.TestLogger.dll
TpTrace Verbose: 0 : 31540, 1, 2022/11/19, 19:40:16.852, 1942635210002, vstest.console.dll, TestPluginCache.GetExtensionPaths: Added unfilterableExtensionPaths: 
TpTrace Information: 0 : 31540, 1, 2022/11/19, 19:40:16.853, 1942635213884, vstest.console.dll, AssemblyResolver.ctor: Creating AssemblyResolver with searchDirectories C:\Program Files\dotnet\sdk\6.0.403\Extensions,C:\Program Files\dotnet\sdk\6.0.403
TpTrace Verbose: 0 : 31540, 1, 2022/11/19, 19:40:16.853, 1942635218975, vstest.console.dll, TestPluginCache.DiscoverTestExtensions: Discovering the extensions using extension path.
TpTrace Verbose: 0 : 31540, 1, 2022/11/19, 19:40:16.853, 1942635219713, vstest.console.dll, TestPluginCache.GetExtensionPaths: Filtered extension paths: 
TpTrace Verbose: 0 : 31540, 1, 2022/11/19, 19:40:16.853, 1942635219996, vstest.console.dll, TestPluginCache.GetExtensionPaths: Added default extension paths: C:\Program Files\dotnet\sdk\6.0.403\Extensions\Microsoft.Diagnostics.NETCore.Client.dll
C:\Program Files\dotnet\sdk\6.0.403\Extensions\Microsoft.TestPlatform.Extensions.BlameDataCollector.dll
C:\Program Files\dotnet\sdk\6.0.403\Extensions\Microsoft.TestPlatform.Extensions.EventLogCollector.dll
C:\Program Files\dotnet\sdk\6.0.403\Extensions\Microsoft.TestPlatform.TestHostRuntimeProvider.dll
C:\Program Files\dotnet\sdk\6.0.403\Extensions\Microsoft.VisualStudio.TestPlatform.Extensions.Html.TestLogger.dll
C:\Program Files\dotnet\sdk\6.0.403\Extensions\Microsoft.VisualStudio.TestPlatform.Extensions.Trx.TestLogger.dll
TpTrace Verbose: 0 : 31540, 1, 2022/11/19, 19:40:16.853, 1942635220181, vstest.console.dll, TestPluginCache.GetExtensionPaths: Added unfilterableExtensionPaths: 
TpTrace Verbose: 0 : 31540, 1, 2022/11/19, 19:40:16.853, 1942635220574, vstest.console.dll, TestPluginCache.DiscoverTestExtensions: Discovering the extensions using allExtensionPaths: C:\Program Files\dotnet\sdk\6.0.403\Extensions\Microsoft.Diagnostics.NETCore.Client.dll
C:\Program Files\dotnet\sdk\6.0.403\Extensions\Microsoft.TestPlatform.Extensions.BlameDataCollector.dll
C:\Program Files\dotnet\sdk\6.0.403\Extensions\Microsoft.TestPlatform.Extensions.EventLogCollector.dll
C:\Program Files\dotnet\sdk\6.0.403\Extensions\Microsoft.TestPlatform.TestHostRuntimeProvider.dll
C:\Program Files\dotnet\sdk\6.0.403\Extensions\Microsoft.VisualStudio.TestPlatform.Extensions.Html.TestLogger.dll
C:\Program Files\dotnet\sdk\6.0.403\Extensions\Microsoft.VisualStudio.TestPlatform.Extensions.Trx.TestLogger.dll
TpTrace Information: 0 : 31540, 1, 2022/11/19, 19:40:16.853, 1942635221736, vstest.console.dll, AssemblyResolver.AddSearchDirectories: Adding more searchDirectories C:\Program Files\dotnet\sdk\6.0.403\Extensions,C:\Program Files\dotnet\sdk\6.0.403
TpTrace Information: 0 : 31540, 1, 2022/11/19, 19:40:16.853, 1942635222089, vstest.console.dll, AssemblyResolver.AddSearchDirectories: Adding more searchDirectories C:\Program Files\dotnet\sdk\6.0.403\Extensions,C:\Program Files\dotnet\sdk\6.0.403
TpTrace Information: 0 : 31540, 1, 2022/11/19, 19:40:16.854, 1942635222277, vstest.console.dll, AssemblyResolver.AddSearchDirectories: Adding more searchDirectories C:\Program Files\dotnet\sdk\6.0.403\Extensions,C:\Program Files\dotnet\sdk\6.0.403
TpTrace Information: 0 : 31540, 1, 2022/11/19, 19:40:16.854, 1942635222445, vstest.console.dll, AssemblyResolver.AddSearchDirectories: Adding more searchDirectories C:\Program Files\dotnet\sdk\6.0.403\Extensions,C:\Program Files\dotnet\sdk\6.0.403
TpTrace Information: 0 : 31540, 1, 2022/11/19, 19:40:16.854, 1942635222610, vstest.console.dll, AssemblyResolver.AddSearchDirectories: Adding more searchDirectories C:\Program Files\dotnet\sdk\6.0.403\Extensions,C:\Program Files\dotnet\sdk\6.0.403
TpTrace Information: 0 : 31540, 1, 2022/11/19, 19:40:16.854, 1942635222804, vstest.console.dll, AssemblyResolver.AddSearchDirectories: Adding more searchDirectories C:\Program Files\dotnet\sdk\6.0.403\Extensions,C:\Program Files\dotnet\sdk\6.0.403
TpTrace Information: 0 : 31540, 1, 2022/11/19, 19:40:16.854, 1942635224828, vstest.console.dll, AssemblyResolver.OnResolve: Microsoft.Diagnostics.NETCore.Client: Resolving assembly.
TpTrace Information: 0 : 31540, 1, 2022/11/19, 19:40:16.854, 1942635225255, vstest.console.dll, AssemblyResolver.OnResolve: Microsoft.Diagnostics.NETCore.Client: Searching in: 'C:\Program Files\dotnet\sdk\6.0.403\Extensions'.
TpTrace Information: 0 : 31540, 1, 2022/11/19, 19:40:16.854, 1942635228615, vstest.console.dll, AssemblyResolver.OnResolve: Microsoft.Diagnostics.NETCore.Client: Loading assembly 'C:\Program Files\dotnet\sdk\6.0.403\Extensions\Microsoft.Diagnostics.NETCore.Client.dll'.
TpTrace Information: 0 : 31540, 1, 2022/11/19, 19:40:16.855, 1942635232577, vstest.console.dll, AssemblyResolver.OnResolve: Resolved assembly: Microsoft.Diagnostics.NETCore.Client, from path: C:\Program Files\dotnet\sdk\6.0.403\Extensions\Microsoft.Diagnostics.NETCore.Client.dll
TpTrace Verbose: 0 : 31540, 1, 2022/11/19, 19:40:16.858, 1942635266668, vstest.console.dll, MetadataReaderExtensionsHelper: Discovering extensions inside assembly 'Microsoft.Diagnostics.NETCore.Client, Version=0.2.5.801, Culture=neutral, PublicKeyToken=31bf3856ad364e35' file path 'C:\Program Files\dotnet\sdk\6.0.403\Extensions\Microsoft.Diagnostics.NETCore.Client.dll'
TpTrace Information: 0 : 31540, 1, 2022/11/19, 19:40:16.865, 1942635341166, vstest.console.dll, AssemblyResolver.OnResolve: Microsoft.Bcl.AsyncInterfaces: Resolving assembly.
TpTrace Information: 0 : 31540, 1, 2022/11/19, 19:40:16.865, 1942635342083, vstest.console.dll, AssemblyResolver.OnResolve: Microsoft.Bcl.AsyncInterfaces: Searching in: 'C:\Program Files\dotnet\sdk\6.0.403\Extensions'.
TpTrace Information: 0 : 31540, 1, 2022/11/19, 19:40:16.866, 1942635342661, vstest.console.dll, AssemblyResolver.OnResolve: Microsoft.Bcl.AsyncInterfaces: Assembly path does not exist: 'C:\Program Files\dotnet\sdk\6.0.403\Extensions\Microsoft.Bcl.AsyncInterfaces.dll', returning.
TpTrace Information: 0 : 31540, 1, 2022/11/19, 19:40:16.866, 1942635343041, vstest.console.dll, AssemblyResolver.OnResolve: Microsoft.Bcl.AsyncInterfaces: Assembly path does not exist: 'C:\Program Files\dotnet\sdk\6.0.403\Extensions\Microsoft.Bcl.AsyncInterfaces.exe', returning.
TpTrace Information: 0 : 31540, 1, 2022/11/19, 19:40:16.866, 1942635343695, vstest.console.dll, AssemblyResolver.OnResolve: Microsoft.Bcl.AsyncInterfaces: Searching in: 'C:\Program Files\dotnet\sdk\6.0.403'.
TpTrace Information: 0 : 31540, 1, 2022/11/19, 19:40:16.866, 1942635344229, vstest.console.dll, AssemblyResolver.OnResolve: Microsoft.Bcl.AsyncInterfaces: Assembly path does not exist: 'C:\Program Files\dotnet\sdk\6.0.403\Microsoft.Bcl.AsyncInterfaces.dll', returning.
TpTrace Information: 0 : 31540, 1, 2022/11/19, 19:40:16.866, 1942635344603, vstest.console.dll, AssemblyResolver.OnResolve: Microsoft.Bcl.AsyncInterfaces: Assembly path does not exist: 'C:\Program Files\dotnet\sdk\6.0.403\Microsoft.Bcl.AsyncInterfaces.exe', returning.
TpTrace Information: 0 : 31540, 1, 2022/11/19, 19:40:16.866, 1942635344776, vstest.console.dll, AssemblyResolver.OnResolve: Microsoft.Bcl.AsyncInterfaces: Failed to load assembly.
TpTrace Verbose: 0 : 31540, 1, 2022/11/19, 19:40:16.866, 1942635345011, vstest.console.dll, CurrentDomainAssemblyResolve: Resolving assembly 'Microsoft.Bcl.AsyncInterfaces'.
TpTrace Information: 0 : 31540, 1, 2022/11/19, 19:40:16.866, 1942635345405, vstest.console.dll, AssemblyResolver.OnResolve: Microsoft.Bcl.AsyncInterfaces: Resolving assembly.
TpTrace Information: 0 : 31540, 1, 2022/11/19, 19:40:16.866, 1942635345638, vstest.console.dll, AssemblyResolver.OnResolve: Microsoft.Bcl.AsyncInterfaces: Resolved from cache.
TpTrace Verbose: 0 : 31540, 1, 2022/11/19, 19:40:16.866, 1942635345822, vstest.console.dll, CurrentDomainAssemblyResolve: Resolving assembly 'Microsoft.Bcl.AsyncInterfaces'.
TpTrace Verbose: 0 : 31540, 1, 2022/11/19, 19:40:16.866, 1942635346031, vstest.console.dll, CurrentDomainAssemblyResolve: Failed to resolve assembly 'Microsoft.Bcl.AsyncInterfaces'.
TpTrace Verbose: 0 : 31540, 1, 2022/11/19, 19:40:16.866, 1942635348589, vstest.console.dll, CurrentDomainAssemblyResolve: Failed to resolve assembly 'Microsoft.Bcl.AsyncInterfaces'.
TpTrace Warning: 0 : 31540, 1, 2022/11/19, 19:40:16.873, 1942635412340, vstest.console.dll, TestPluginDiscoverer: Failed to get types from assembly 'Microsoft.Diagnostics.NETCore.Client, Version=0.2.5.801, Culture=neutral, PublicKeyToken=31bf3856ad364e35'. Error: System.Reflection.ReflectionTypeLoadException: Unable to load one or more of the requested types.
Could not load file or assembly 'Microsoft.Bcl.AsyncInterfaces, Version=1.0.0.0, Culture=neutral, PublicKeyToken=cc7b13ffcd2ddd51'. O sistema não pode encontrar o arquivo especificado.
   at System.Reflection.RuntimeModule.GetTypes(RuntimeModule module)
   at System.Reflection.Assembly.GetTypes()
   at Microsoft.VisualStudio.TestPlatform.Common.ExtensionFramework.TestPluginDiscoverer.GetTestExtensionsFromAssembly[TPluginInfo,TExtension](Assembly assembly, Dictionary`2 pluginInfos, String filePath)
System.IO.FileNotFoundException: Could not load file or assembly 'Microsoft.Bcl.AsyncInterfaces, Version=1.0.0.0, Culture=neutral, PublicKeyToken=cc7b13ffcd2ddd51'. O sistema não pode encontrar o arquivo especificado.
File name: 'Microsoft.Bcl.AsyncInterfaces, Version=1.0.0.0, Culture=neutral, PublicKeyToken=cc7b13ffcd2ddd51'
 ---> System.IO.FileNotFoundException: Could not load file or assembly 'Microsoft.Bcl.AsyncInterfaces, Culture=neutral, PublicKeyToken=null'. O sistema não pode encontrar o arquivo especificado.
File name: 'Microsoft.Bcl.AsyncInterfaces, Culture=neutral, PublicKeyToken=null'
   at System.Reflection.RuntimeAssembly.InternalLoad(ObjectHandleOnStack assemblyName, ObjectHandleOnStack requestingAssembly, StackCrawlMarkHandle stackMark, Boolean throwOnFileNotFound, ObjectHandleOnStack assemblyLoadContext, ObjectHandleOnStack retAssembly)
   at System.Reflection.RuntimeAssembly.InternalLoad(AssemblyName assemblyName, RuntimeAssembly requestingAssembly, StackCrawlMark& stackMark, Boolean throwOnFileNotFound, AssemblyLoadContext assemblyLoadContext)
   at System.Reflection.Assembly.Load(AssemblyName assemblyRef)
   at Microsoft.VisualStudio.TestPlatform.Common.ExtensionFramework.TestPluginCache.CurrentDomainAssemblyResolve(Object sender, AssemblyResolveEventArgs args)
   at Microsoft.VisualStudio.TestPlatform.PlatformAbstractions.PlatformAssemblyResolver.AssemblyResolverEvent(Object sender, Object eventArgs)
   at System.Runtime.Loader.AssemblyLoadContext.GetFirstResolvedAssemblyFromResolvingEvent(AssemblyName assemblyName)
   at System.Runtime.Loader.AssemblyLoadContext.ResolveUsingEvent(AssemblyName assemblyName)
   at System.Runtime.Loader.AssemblyLoadContext.ResolveUsingResolvingEvent(IntPtr gchManagedAssemblyLoadContext, AssemblyName assemblyName)
TpTrace Warning: 0 : 31540, 1, 2022/11/19, 19:40:16.873, 1942635415200, vstest.console.dll, LoaderExceptions: System.IO.FileNotFoundException: Could not load file or assembly 'Microsoft.Bcl.AsyncInterfaces, Version=1.0.0.0, Culture=neutral, PublicKeyToken=cc7b13ffcd2ddd51'. O sistema não pode encontrar o arquivo especificado.
File name: 'Microsoft.Bcl.AsyncInterfaces, Version=1.0.0.0, Culture=neutral, PublicKeyToken=cc7b13ffcd2ddd51'
 ---> System.IO.FileNotFoundException: Could not load file or assembly 'Microsoft.Bcl.AsyncInterfaces, Culture=neutral, PublicKeyToken=null'. O sistema não pode encontrar o arquivo especificado.
File name: 'Microsoft.Bcl.AsyncInterfaces, Culture=neutral, PublicKeyToken=null'
   at System.Reflection.RuntimeAssembly.InternalLoad(ObjectHandleOnStack assemblyName, ObjectHandleOnStack requestingAssembly, StackCrawlMarkHandle stackMark, Boolean throwOnFileNotFound, ObjectHandleOnStack assemblyLoadContext, ObjectHandleOnStack retAssembly)
   at System.Reflection.RuntimeAssembly.InternalLoad(AssemblyName assemblyName, RuntimeAssembly requestingAssembly, StackCrawlMark& stackMark, Boolean throwOnFileNotFound, AssemblyLoadContext assemblyLoadContext)
   at System.Reflection.Assembly.Load(AssemblyName assemblyRef)
   at Microsoft.VisualStudio.TestPlatform.Common.ExtensionFramework.TestPluginCache.CurrentDomainAssemblyResolve(Object sender, AssemblyResolveEventArgs args)
   at Microsoft.VisualStudio.TestPlatform.PlatformAbstractions.PlatformAssemblyResolver.AssemblyResolverEvent(Object sender, Object eventArgs)
   at System.Runtime.Loader.AssemblyLoadContext.GetFirstResolvedAssemblyFromResolvingEvent(AssemblyName assemblyName)
   at System.Runtime.Loader.AssemblyLoadContext.ResolveUsingEvent(AssemblyName assemblyName)
   at System.Runtime.Loader.AssemblyLoadContext.ResolveUsingResolvingEvent(IntPtr gchManagedAssemblyLoadContext, AssemblyName assemblyName)
TpTrace Information: 0 : 31540, 1, 2022/11/19, 19:40:16.873, 1942635416314, vstest.console.dll, AssemblyResolver.OnResolve: Microsoft.TestPlatform.Extensions.BlameDataCollector: Resolving assembly.
TpTrace Information: 0 : 31540, 1, 2022/11/19, 19:40:16.873, 1942635416608, vstest.console.dll, AssemblyResolver.OnResolve: Microsoft.TestPlatform.Extensions.BlameDataCollector: Searching in: 'C:\Program Files\dotnet\sdk\6.0.403\Extensions'.
TpTrace Information: 0 : 31540, 1, 2022/11/19, 19:40:16.873, 1942635419468, vstest.console.dll, AssemblyResolver.OnResolve: Microsoft.TestPlatform.Extensions.BlameDataCollector: Loading assembly 'C:\Program Files\dotnet\sdk\6.0.403\Extensions\Microsoft.TestPlatform.Extensions.BlameDataCollector.dll'.
TpTrace Information: 0 : 31540, 1, 2022/11/19, 19:40:16.874, 1942635423186, vstest.console.dll, AssemblyResolver.OnResolve: Resolved assembly: Microsoft.TestPlatform.Extensions.BlameDataCollector, from path: C:\Program Files\dotnet\sdk\6.0.403\Extensions\Microsoft.TestPlatform.Extensions.BlameDataCollector.dll
TpTrace Verbose: 0 : 31540, 1, 2022/11/19, 19:40:16.874, 1942635423667, vstest.console.dll, MetadataReaderExtensionsHelper: Discovering extensions inside assembly 'Microsoft.TestPlatform.Extensions.BlameDataCollector, Version=15.0.0.0, Culture=neutral, PublicKeyToken=b03f5f7f11d50a3a' file path 'C:\Program Files\dotnet\sdk\6.0.403\Extensions\Microsoft.TestPlatform.Extensions.BlameDataCollector.dll'
TpTrace Information: 0 : 31540, 1, 2022/11/19, 19:40:16.875, 1942635432530, vstest.console.dll, AssemblyResolver.OnResolve: Microsoft.TestPlatform.Extensions.EventLogCollector: Resolving assembly.
TpTrace Information: 0 : 31540, 1, 2022/11/19, 19:40:16.875, 1942635433330, vstest.console.dll, AssemblyResolver.OnResolve: Microsoft.TestPlatform.Extensions.EventLogCollector: Searching in: 'C:\Program Files\dotnet\sdk\6.0.403\Extensions'.
TpTrace Information: 0 : 31540, 1, 2022/11/19, 19:40:16.875, 1942635435760, vstest.console.dll, AssemblyResolver.OnResolve: Microsoft.TestPlatform.Extensions.EventLogCollector: Loading assembly 'C:\Program Files\dotnet\sdk\6.0.403\Extensions\Microsoft.TestPlatform.Extensions.EventLogCollector.dll'.
TpTrace Information: 0 : 31540, 1, 2022/11/19, 19:40:16.875, 1942635438913, vstest.console.dll, AssemblyResolver.OnResolve: Resolved assembly: Microsoft.TestPlatform.Extensions.EventLogCollector, from path: C:\Program Files\dotnet\sdk\6.0.403\Extensions\Microsoft.TestPlatform.Extensions.EventLogCollector.dll
TpTrace Verbose: 0 : 31540, 1, 2022/11/19, 19:40:16.875, 1942635439337, vstest.console.dll, MetadataReaderExtensionsHelper: Discovering extensions inside assembly 'Microsoft.TestPlatform.Extensions.EventLogCollector, Version=15.0.0.0, Culture=neutral, PublicKeyToken=b03f5f7f11d50a3a' file path 'C:\Program Files\dotnet\sdk\6.0.403\Extensions\Microsoft.TestPlatform.Extensions.EventLogCollector.dll'
TpTrace Information: 0 : 31540, 1, 2022/11/19, 19:40:16.876, 1942635449556, vstest.console.dll, AssemblyResolver.OnResolve: Microsoft.TestPlatform.TestHostRuntimeProvider: Resolving assembly.
TpTrace Information: 0 : 31540, 1, 2022/11/19, 19:40:16.876, 1942635449899, vstest.console.dll, AssemblyResolver.OnResolve: Microsoft.TestPlatform.TestHostRuntimeProvider: Searching in: 'C:\Program Files\dotnet\sdk\6.0.403\Extensions'.
TpTrace Information: 0 : 31540, 1, 2022/11/19, 19:40:16.877, 1942635452108, vstest.console.dll, AssemblyResolver.OnResolve: Microsoft.TestPlatform.TestHostRuntimeProvider: Loading assembly 'C:\Program Files\dotnet\sdk\6.0.403\Extensions\Microsoft.TestPlatform.TestHostRuntimeProvider.dll'.
TpTrace Information: 0 : 31540, 1, 2022/11/19, 19:40:16.877, 1942635455308, vstest.console.dll, AssemblyResolver.OnResolve: Resolved assembly: Microsoft.TestPlatform.TestHostRuntimeProvider, from path: C:\Program Files\dotnet\sdk\6.0.403\Extensions\Microsoft.TestPlatform.TestHostRuntimeProvider.dll
TpTrace Verbose: 0 : 31540, 1, 2022/11/19, 19:40:16.877, 1942635455741, vstest.console.dll, MetadataReaderExtensionsHelper: Discovering extensions inside assembly 'Microsoft.TestPlatform.TestHostRuntimeProvider, Version=15.0.0.0, Culture=neutral, PublicKeyToken=b03f5f7f11d50a3a' file path 'C:\Program Files\dotnet\sdk\6.0.403\Extensions\Microsoft.TestPlatform.TestHostRuntimeProvider.dll'
TpTrace Information: 0 : 31540, 1, 2022/11/19, 19:40:16.878, 1942635467713, vstest.console.dll, GetTestExtensionFromType: Register extension with identifier data 'HostProvider://DefaultTestHost' and type 'Microsoft.VisualStudio.TestPlatform.CrossPlatEngine.Hosting.DefaultTestHostManager, Microsoft.TestPlatform.TestHostRuntimeProvider, Version=15.0.0.0, Culture=neutral, PublicKeyToken=b03f5f7f11d50a3a' inside file 'C:\Program Files\dotnet\sdk\6.0.403\Extensions\Microsoft.TestPlatform.TestHostRuntimeProvider.dll'
TpTrace Information: 0 : 31540, 1, 2022/11/19, 19:40:16.878, 1942635468235, vstest.console.dll, GetTestExtensionFromType: Register extension with identifier data 'HostProvider://DotnetTestHost' and type 'Microsoft.VisualStudio.TestPlatform.CrossPlatEngine.Hosting.DotnetTestHostManager, Microsoft.TestPlatform.TestHostRuntimeProvider, Version=15.0.0.0, Culture=neutral, PublicKeyToken=b03f5f7f11d50a3a' inside file 'C:\Program Files\dotnet\sdk\6.0.403\Extensions\Microsoft.TestPlatform.TestHostRuntimeProvider.dll'
TpTrace Information: 0 : 31540, 1, 2022/11/19, 19:40:16.878, 1942635468685, vstest.console.dll, AssemblyResolver.OnResolve: Microsoft.VisualStudio.TestPlatform.Extensions.Html.TestLogger: Resolving assembly.
TpTrace Information: 0 : 31540, 1, 2022/11/19, 19:40:16.878, 1942635468892, vstest.console.dll, AssemblyResolver.OnResolve: Microsoft.VisualStudio.TestPlatform.Extensions.Html.TestLogger: Searching in: 'C:\Program Files\dotnet\sdk\6.0.403\Extensions'.
TpTrace Information: 0 : 31540, 1, 2022/11/19, 19:40:16.878, 1942635471377, vstest.console.dll, AssemblyResolver.OnResolve: Microsoft.VisualStudio.TestPlatform.Extensions.Html.TestLogger: Loading assembly 'C:\Program Files\dotnet\sdk\6.0.403\Extensions\Microsoft.VisualStudio.TestPlatform.Extensions.Html.TestLogger.dll'.
TpTrace Information: 0 : 31540, 1, 2022/11/19, 19:40:16.879, 1942635474354, vstest.console.dll, AssemblyResolver.OnResolve: Resolved assembly: Microsoft.VisualStudio.TestPlatform.Extensions.Html.TestLogger, from path: C:\Program Files\dotnet\sdk\6.0.403\Extensions\Microsoft.VisualStudio.TestPlatform.Extensions.Html.TestLogger.dll
TpTrace Verbose: 0 : 31540, 1, 2022/11/19, 19:40:16.879, 1942635474770, vstest.console.dll, MetadataReaderExtensionsHelper: Discovering extensions inside assembly 'Microsoft.VisualStudio.TestPlatform.Extensions.Html.TestLogger, Version=15.0.0.0, Culture=neutral, PublicKeyToken=b03f5f7f11d50a3a' file path 'C:\Program Files\dotnet\sdk\6.0.403\Extensions\Microsoft.VisualStudio.TestPlatform.Extensions.Html.TestLogger.dll'
TpTrace Information: 0 : 31540, 1, 2022/11/19, 19:40:16.879, 1942635479440, vstest.console.dll, AssemblyResolver.OnResolve: Microsoft.VisualStudio.TestPlatform.Extensions.Trx.TestLogger: Resolving assembly.
TpTrace Information: 0 : 31540, 1, 2022/11/19, 19:40:16.879, 1942635479852, vstest.console.dll, AssemblyResolver.OnResolve: Microsoft.VisualStudio.TestPlatform.Extensions.Trx.TestLogger: Searching in: 'C:\Program Files\dotnet\sdk\6.0.403\Extensions'.
TpTrace Information: 0 : 31540, 1, 2022/11/19, 19:40:16.879, 1942635482094, vstest.console.dll, AssemblyResolver.OnResolve: Microsoft.VisualStudio.TestPlatform.Extensions.Trx.TestLogger: Loading assembly 'C:\Program Files\dotnet\sdk\6.0.403\Extensions\Microsoft.VisualStudio.TestPlatform.Extensions.Trx.TestLogger.dll'.
TpTrace Information: 0 : 31540, 1, 2022/11/19, 19:40:16.880, 1942635486997, vstest.console.dll, AssemblyResolver.OnResolve: Resolved assembly: Microsoft.VisualStudio.TestPlatform.Extensions.Trx.TestLogger, from path: C:\Program Files\dotnet\sdk\6.0.403\Extensions\Microsoft.VisualStudio.TestPlatform.Extensions.Trx.TestLogger.dll
TpTrace Verbose: 0 : 31540, 1, 2022/11/19, 19:40:16.880, 1942635487979, vstest.console.dll, MetadataReaderExtensionsHelper: Discovering extensions inside assembly 'Microsoft.VisualStudio.TestPlatform.Extensions.Trx.TestLogger, Version=15.0.0.0, Culture=neutral, PublicKeyToken=b03f5f7f11d50a3a' file path 'C:\Program Files\dotnet\sdk\6.0.403\Extensions\Microsoft.VisualStudio.TestPlatform.Extensions.Trx.TestLogger.dll'
TpTrace Verbose: 0 : 31540, 1, 2022/11/19, 19:40:16.881, 1942635494734, vstest.console.dll, TestPluginCache: Discovered the extensions using extension path ''.
TpTrace Verbose: 0 : 31540, 1, 2022/11/19, 19:40:16.881, 1942635495166, vstest.console.dll, TestPluginCache: Discoverers are ''.
TpTrace Verbose: 0 : 31540, 1, 2022/11/19, 19:40:16.881, 1942635495331, vstest.console.dll, TestPluginCache: Executors are ''.
TpTrace Verbose: 0 : 31540, 1, 2022/11/19, 19:40:16.881, 1942635495479, vstest.console.dll, TestPluginCache: Executors2 are ''.
TpTrace Verbose: 0 : 31540, 1, 2022/11/19, 19:40:16.881, 1942635495622, vstest.console.dll, TestPluginCache: Setting providers are ''.
TpTrace Verbose: 0 : 31540, 1, 2022/11/19, 19:40:16.881, 1942635495767, vstest.console.dll, TestPluginCache: Loggers are ''.
TpTrace Verbose: 0 : 31540, 1, 2022/11/19, 19:40:16.881, 1942635496793, vstest.console.dll, TestPluginCache: TestHosts are 'HostProvider://DefaultTestHost,HostProvider://DotnetTestHost'.
TpTrace Verbose: 0 : 31540, 1, 2022/11/19, 19:40:16.881, 1942635497034, vstest.console.dll, TestPluginCache: DataCollectors are ''.
TpTrace Information: 0 : 31540, 1, 2022/11/19, 19:40:16.888, 1942635565770, vstest.console.dll, RunTestsArgumentProcessor:Execute: Test run is starting.
TpTrace Verbose: 0 : 31540, 1, 2022/11/19, 19:40:16.888, 1942635566385, vstest.console.dll, RunTestsArgumentProcessor:Execute: Queuing Test run.
TpTrace Information: 0 : 31540, 1, 2022/11/19, 19:40:16.888, 1942635567838, vstest.console.dll, TestRequestManager.RunTests: run tests started.
TpTrace Information: 0 : 31540, 1, 2022/11/19, 19:40:17.227, 1942638957193, vstest.console.dll, AssemblyMetadataProvider.GetFrameworkName: Determined framework:'.NETCoreApp,Version=v6.0' for source: 'C:\Users\Mabel\Desktop\RaroAcademy\Projetos\demys_tdd-universidade\demys_universidade.Test\bin\Debug\net6.0\fine-code-coverage\build-output\demys_universidade.Test.dll'
TpTrace Information: 0 : 31540, 1, 2022/11/19, 19:40:17.227, 1942638958886, vstest.console.dll, Determined framework for all sources: .NETCoreApp,Version=v6.0
TpTrace Verbose: 0 : 31540, 1, 2022/11/19, 19:40:17.228, 1942638963538, vstest.console.dll, TestRequestManager.UpdateRunSettingsIfRequired: Default architecture: X64 IsDefaultTargetArchitecture: True, Current process architecture: X64 OperatingSystem: Windows.
TpTrace Information: 0 : 31540, 1, 2022/11/19, 19:40:17.229, 1942638981108, vstest.console.dll, AssemblyMetadataProvider.GetArchitecture: Determined architecture:AnyCPU info for assembly: C:\Users\Mabel\Desktop\RaroAcademy\Projetos\demys_tdd-universidade\demys_universidade.Test\bin\Debug\net6.0\fine-code-coverage\build-output\demys_universidade.Test.dll
TpTrace Information: 0 : 31540, 1, 2022/11/19, 19:40:17.229, 1942638981462, vstest.console.dll, Determined platform for source 'C:\Users\Mabel\Desktop\RaroAcademy\Projetos\demys_tdd-universidade\demys_universidade.Test\bin\Debug\net6.0\fine-code-coverage\build-output\demys_universidade.Test.dll' was AnyCPU and it will use the default plaform X64.
TpTrace Information: 0 : 31540, 1, 2022/11/19, 19:40:17.229, 1942638981694, vstest.console.dll, None of the sources provided any runnable platform, using the default platform: X64
TpTrace Information: 0 : 31540, 1, 2022/11/19, 19:40:17.230, 1942638982264, vstest.console.dll, Platform was updated to 'X64'.
TpTrace Information: 0 : 31540, 1, 2022/11/19, 19:40:17.232, 1942639007300, vstest.console.dll, InferRunSettingsHelper.IsTestSettingsEnabled: Unable to navigate to RunSettings/MSTest. Current node: RunSettings
TpTrace Information: 0 : 31540, 1, 2022/11/19, 19:40:17.232, 1942639011603, vstest.console.dll, AssemblyResolver.OnResolve: Microsoft.VisualStudio.TestPlatform.Fakes: Resolving assembly.
TpTrace Information: 0 : 31540, 1, 2022/11/19, 19:40:17.232, 1942639011991, vstest.console.dll, AssemblyResolver.OnResolve: Microsoft.VisualStudio.TestPlatform.Fakes: Searching in: 'C:\Program Files\dotnet\sdk\6.0.403\Extensions'.
TpTrace Information: 0 : 31540, 1, 2022/11/19, 19:40:17.233, 1942639012638, vstest.console.dll, AssemblyResolver.OnResolve: Microsoft.VisualStudio.TestPlatform.Fakes: Assembly path does not exist: 'C:\Program Files\dotnet\sdk\6.0.403\Extensions\Microsoft.VisualStudio.TestPlatform.Fakes.dll', returning.
TpTrace Information: 0 : 31540, 1, 2022/11/19, 19:40:17.233, 1942639013078, vstest.console.dll, AssemblyResolver.OnResolve: Microsoft.VisualStudio.TestPlatform.Fakes: Assembly path does not exist: 'C:\Program Files\dotnet\sdk\6.0.403\Extensions\Microsoft.VisualStudio.TestPlatform.Fakes.exe', returning.
TpTrace Information: 0 : 31540, 1, 2022/11/19, 19:40:17.233, 1942639013286, vstest.console.dll, AssemblyResolver.OnResolve: Microsoft.VisualStudio.TestPlatform.Fakes: Searching in: 'C:\Program Files\dotnet\sdk\6.0.403'.
TpTrace Information: 0 : 31540, 1, 2022/11/19, 19:40:17.233, 1942639013785, vstest.console.dll, AssemblyResolver.OnResolve: Microsoft.VisualStudio.TestPlatform.Fakes: Assembly path does not exist: 'C:\Program Files\dotnet\sdk\6.0.403\Microsoft.VisualStudio.TestPlatform.Fakes.dll', returning.
TpTrace Information: 0 : 31540, 1, 2022/11/19, 19:40:17.233, 1942639014238, vstest.console.dll, AssemblyResolver.OnResolve: Microsoft.VisualStudio.TestPlatform.Fakes: Assembly path does not exist: 'C:\Program Files\dotnet\sdk\6.0.403\Microsoft.VisualStudio.TestPlatform.Fakes.exe', returning.
TpTrace Information: 0 : 31540, 1, 2022/11/19, 19:40:17.233, 1942639014495, vstest.console.dll, AssemblyResolver.OnResolve: Microsoft.VisualStudio.TestPlatform.Fakes: Failed to load assembly.
TpTrace Information: 0 : 31540, 1, 2022/11/19, 19:40:17.233, 1942639016422, vstest.console.dll, Failed to load assembly Microsoft.VisualStudio.TestPlatform.Fakes, Version=17.0.0.0, Culture=neutral. Reason:System.IO.FileNotFoundException: Could not load file or assembly 'Microsoft.VisualStudio.TestPlatform.Fakes, Version=17.0.0.0, Culture=neutral, PublicKeyToken=null'. O sistema não pode encontrar o arquivo especificado.
File name: 'Microsoft.VisualStudio.TestPlatform.Fakes, Version=17.0.0.0, Culture=neutral, PublicKeyToken=null'
   at System.Reflection.RuntimeAssembly.InternalLoad(ObjectHandleOnStack assemblyName, ObjectHandleOnStack requestingAssembly, StackCrawlMarkHandle stackMark, Boolean throwOnFileNotFound, ObjectHandleOnStack assemblyLoadContext, ObjectHandleOnStack retAssembly)
   at System.Reflection.RuntimeAssembly.InternalLoad(AssemblyName assemblyName, RuntimeAssembly requestingAssembly, StackCrawlMark& stackMark, Boolean throwOnFileNotFound, AssemblyLoadContext assemblyLoadContext)
   at System.Reflection.Assembly.Load(AssemblyName assemblyRef)
   at Microsoft.VisualStudio.TestPlatform.Common.Utilities.FakesUtilities.LoadTestPlatformAssembly()
TpTrace Verbose: 0 : 31540, 1, 2022/11/19, 19:40:17.235, 1942639038971, vstest.console.dll, TestPluginCache.DiscoverTestExtensions: finding test extensions in assemblies ends with: TestLogger.dll TPluginInfo: Microsoft.VisualStudio.TestPlatform.Common.ExtensionFramework.Utilities.TestLoggerPluginInformation TExtension: Microsoft.VisualStudio.TestPlatform.ObjectModel.Client.ITestLogger
TpTrace Verbose: 0 : 31540, 1, 2022/11/19, 19:40:17.235, 1942639039505, vstest.console.dll, TestPluginCache.GetExtensionPaths: Filtered extension paths: 
TpTrace Verbose: 0 : 31540, 1, 2022/11/19, 19:40:17.235, 1942639039709, vstest.console.dll, TestPluginCache.GetExtensionPaths: Added default extension paths: C:\Program Files\dotnet\sdk\6.0.403\Extensions\Microsoft.Diagnostics.NETCore.Client.dll
C:\Program Files\dotnet\sdk\6.0.403\Extensions\Microsoft.TestPlatform.Extensions.BlameDataCollector.dll
C:\Program Files\dotnet\sdk\6.0.403\Extensions\Microsoft.TestPlatform.Extensions.EventLogCollector.dll
C:\Program Files\dotnet\sdk\6.0.403\Extensions\Microsoft.TestPlatform.TestHostRuntimeProvider.dll
C:\Program Files\dotnet\sdk\6.0.403\Extensions\Microsoft.VisualStudio.TestPlatform.Extensions.Html.TestLogger.dll
C:\Program Files\dotnet\sdk\6.0.403\Extensions\Microsoft.VisualStudio.TestPlatform.Extensions.Trx.TestLogger.dll
TpTrace Verbose: 0 : 31540, 1, 2022/11/19, 19:40:17.235, 1942639039934, vstest.console.dll, TestPluginCache.GetExtensionPaths: Added unfilterableExtensionPaths: 
TpTrace Information: 0 : 31540, 1, 2022/11/19, 19:40:17.235, 1942639040745, vstest.console.dll, AssemblyResolver.AddSearchDirectories: Adding more searchDirectories C:\Program Files\dotnet\sdk\6.0.403\Extensions,C:\Program Files\dotnet\sdk\6.0.403
TpTrace Verbose: 0 : 31540, 1, 2022/11/19, 19:40:17.235, 1942639041049, vstest.console.dll, TestPluginCache.DiscoverTestExtensions: Discovering the extensions using extension path.
TpTrace Verbose: 0 : 31540, 1, 2022/11/19, 19:40:17.235, 1942639041271, vstest.console.dll, TestPluginCache.GetExtensionPaths: Filtered extension paths: 
TpTrace Verbose: 0 : 31540, 1, 2022/11/19, 19:40:17.235, 1942639041485, vstest.console.dll, TestPluginCache.GetExtensionPaths: Added default extension paths: C:\Program Files\dotnet\sdk\6.0.403\Extensions\Microsoft.Diagnostics.NETCore.Client.dll
C:\Program Files\dotnet\sdk\6.0.403\Extensions\Microsoft.TestPlatform.Extensions.BlameDataCollector.dll
C:\Program Files\dotnet\sdk\6.0.403\Extensions\Microsoft.TestPlatform.Extensions.EventLogCollector.dll
C:\Program Files\dotnet\sdk\6.0.403\Extensions\Microsoft.TestPlatform.TestHostRuntimeProvider.dll
C:\Program Files\dotnet\sdk\6.0.403\Extensions\Microsoft.VisualStudio.TestPlatform.Extensions.Html.TestLogger.dll
C:\Program Files\dotnet\sdk\6.0.403\Extensions\Microsoft.VisualStudio.TestPlatform.Extensions.Trx.TestLogger.dll
TpTrace Verbose: 0 : 31540, 1, 2022/11/19, 19:40:17.236, 1942639042132, vstest.console.dll, TestPluginCache.GetExtensionPaths: Added unfilterableExtensionPaths: 
TpTrace Verbose: 0 : 31540, 1, 2022/11/19, 19:40:17.236, 1942639042395, vstest.console.dll, TestPluginCache.DiscoverTestExtensions: Discovering the extensions using allExtensionPaths: C:\Program Files\dotnet\sdk\6.0.403\Extensions\Microsoft.Diagnostics.NETCore.Client.dll
C:\Program Files\dotnet\sdk\6.0.403\Extensions\Microsoft.TestPlatform.Extensions.BlameDataCollector.dll
C:\Program Files\dotnet\sdk\6.0.403\Extensions\Microsoft.TestPlatform.Extensions.EventLogCollector.dll
C:\Program Files\dotnet\sdk\6.0.403\Extensions\Microsoft.TestPlatform.TestHostRuntimeProvider.dll
C:\Program Files\dotnet\sdk\6.0.403\Extensions\Microsoft.VisualStudio.TestPlatform.Extensions.Html.TestLogger.dll
C:\Program Files\dotnet\sdk\6.0.403\Extensions\Microsoft.VisualStudio.TestPlatform.Extensions.Trx.TestLogger.dll
TpTrace Information: 0 : 31540, 1, 2022/11/19, 19:40:17.236, 1942639042682, vstest.console.dll, AssemblyResolver.AddSearchDirectories: Adding more searchDirectories C:\Program Files\dotnet\sdk\6.0.403\Extensions,C:\Program Files\dotnet\sdk\6.0.403
TpTrace Information: 0 : 31540, 1, 2022/11/19, 19:40:17.236, 1942639042925, vstest.console.dll, AssemblyResolver.AddSearchDirectories: Adding more searchDirectories C:\Program Files\dotnet\sdk\6.0.403\Extensions,C:\Program Files\dotnet\sdk\6.0.403
TpTrace Information: 0 : 31540, 1, 2022/11/19, 19:40:17.236, 1942639043197, vstest.console.dll, AssemblyResolver.AddSearchDirectories: Adding more searchDirectories C:\Program Files\dotnet\sdk\6.0.403\Extensions,C:\Program Files\dotnet\sdk\6.0.403
TpTrace Information: 0 : 31540, 1, 2022/11/19, 19:40:17.236, 1942639043485, vstest.console.dll, AssemblyResolver.AddSearchDirectories: Adding more searchDirectories C:\Program Files\dotnet\sdk\6.0.403\Extensions,C:\Program Files\dotnet\sdk\6.0.403
TpTrace Information: 0 : 31540, 1, 2022/11/19, 19:40:17.236, 1942639043699, vstest.console.dll, AssemblyResolver.AddSearchDirectories: Adding more searchDirectories C:\Program Files\dotnet\sdk\6.0.403\Extensions,C:\Program Files\dotnet\sdk\6.0.403
TpTrace Information: 0 : 31540, 1, 2022/11/19, 19:40:17.236, 1942639043882, vstest.console.dll, AssemblyResolver.AddSearchDirectories: Adding more searchDirectories C:\Program Files\dotnet\sdk\6.0.403\Extensions,C:\Program Files\dotnet\sdk\6.0.403
TpTrace Verbose: 0 : 31540, 1, 2022/11/19, 19:40:17.236, 1942639044653, vstest.console.dll, MetadataReaderExtensionsHelper: Discovering extensions inside assembly 'Microsoft.Diagnostics.NETCore.Client, Version=0.2.5.801, Culture=neutral, PublicKeyToken=31bf3856ad364e35' file path 'C:\Program Files\dotnet\sdk\6.0.403\Extensions\Microsoft.Diagnostics.NETCore.Client.dll'
TpTrace Information: 0 : 31540, 1, 2022/11/19, 19:40:17.236, 1942639050547, vstest.console.dll, AssemblyResolver.OnResolve: Microsoft.Bcl.AsyncInterfaces: Resolving assembly.
TpTrace Information: 0 : 31540, 1, 2022/11/19, 19:40:17.236, 1942639050888, vstest.console.dll, AssemblyResolver.OnResolve: Microsoft.Bcl.AsyncInterfaces: Resolved from cache.
TpTrace Verbose: 0 : 31540, 1, 2022/11/19, 19:40:17.236, 1942639051129, vstest.console.dll, CurrentDomainAssemblyResolve: Resolving assembly 'Microsoft.Bcl.AsyncInterfaces'.
TpTrace Information: 0 : 31540, 1, 2022/11/19, 19:40:17.236, 1942639051417, vstest.console.dll, AssemblyResolver.OnResolve: Microsoft.Bcl.AsyncInterfaces: Resolving assembly.
TpTrace Information: 0 : 31540, 1, 2022/11/19, 19:40:17.236, 1942639051602, vstest.console.dll, AssemblyResolver.OnResolve: Microsoft.Bcl.AsyncInterfaces: Resolved from cache.
TpTrace Verbose: 0 : 31540, 1, 2022/11/19, 19:40:17.236, 1942639051781, vstest.console.dll, CurrentDomainAssemblyResolve: Resolving assembly 'Microsoft.Bcl.AsyncInterfaces'.
TpTrace Verbose: 0 : 31540, 1, 2022/11/19, 19:40:17.236, 1942639051969, vstest.console.dll, CurrentDomainAssemblyResolve: Failed to resolve assembly 'Microsoft.Bcl.AsyncInterfaces'.
TpTrace Verbose: 0 : 31540, 1, 2022/11/19, 19:40:17.237, 1942639053061, vstest.console.dll, CurrentDomainAssemblyResolve: Failed to resolve assembly 'Microsoft.Bcl.AsyncInterfaces'.
TpTrace Warning: 0 : 31540, 1, 2022/11/19, 19:40:17.237, 1942639055612, vstest.console.dll, TestPluginDiscoverer: Failed to get types from assembly 'Microsoft.Diagnostics.NETCore.Client, Version=0.2.5.801, Culture=neutral, PublicKeyToken=31bf3856ad364e35'. Error: System.Reflection.ReflectionTypeLoadException: Unable to load one or more of the requested types.
Could not load file or assembly 'Microsoft.Bcl.AsyncInterfaces, Version=1.0.0.0, Culture=neutral, PublicKeyToken=cc7b13ffcd2ddd51'. O sistema não pode encontrar o arquivo especificado.
   at System.Reflection.RuntimeModule.GetTypes(RuntimeModule module)
   at System.Reflection.Assembly.GetTypes()
   at Microsoft.VisualStudio.TestPlatform.Common.ExtensionFramework.TestPluginDiscoverer.GetTestExtensionsFromAssembly[TPluginInfo,TExtension](Assembly assembly, Dictionary`2 pluginInfos, String filePath)
System.IO.FileNotFoundException: Could not load file or assembly 'Microsoft.Bcl.AsyncInterfaces, Version=1.0.0.0, Culture=neutral, PublicKeyToken=cc7b13ffcd2ddd51'. O sistema não pode encontrar o arquivo especificado.
File name: 'Microsoft.Bcl.AsyncInterfaces, Version=1.0.0.0, Culture=neutral, PublicKeyToken=cc7b13ffcd2ddd51'
 ---> System.IO.FileNotFoundException: Could not load file or assembly 'Microsoft.Bcl.AsyncInterfaces, Culture=neutral, PublicKeyToken=null'. O sistema não pode encontrar o arquivo especificado.
File name: 'Microsoft.Bcl.AsyncInterfaces, Culture=neutral, PublicKeyToken=null'
   at System.Reflection.RuntimeAssembly.InternalLoad(ObjectHandleOnStack assemblyName, ObjectHandleOnStack requestingAssembly, StackCrawlMarkHandle stackMark, Boolean throwOnFileNotFound, ObjectHandleOnStack assemblyLoadContext, ObjectHandleOnStack retAssembly)
   at System.Reflection.RuntimeAssembly.InternalLoad(AssemblyName assemblyName, RuntimeAssembly requestingAssembly, StackCrawlMark& stackMark, Boolean throwOnFileNotFound, AssemblyLoadContext assemblyLoadContext)
   at System.Reflection.Assembly.Load(AssemblyName assemblyRef)
   at Microsoft.VisualStudio.TestPlatform.Common.ExtensionFramework.TestPluginCache.CurrentDomainAssemblyResolve(Object sender, AssemblyResolveEventArgs args)
   at Microsoft.VisualStudio.TestPlatform.PlatformAbstractions.PlatformAssemblyResolver.AssemblyResolverEvent(Object sender, Object eventArgs)
   at System.Runtime.Loader.AssemblyLoadContext.GetFirstResolvedAssemblyFromResolvingEvent(AssemblyName assemblyName)
   at System.Runtime.Loader.AssemblyLoadContext.ResolveUsingEvent(AssemblyName assemblyName)
   at System.Runtime.Loader.AssemblyLoadContext.ResolveUsingResolvingEvent(IntPtr gchManagedAssemblyLoadContext, AssemblyName assemblyName)
TpTrace Warning: 0 : 31540, 1, 2022/11/19, 19:40:17.237, 1942639057185, vstest.console.dll, LoaderExceptions: System.IO.FileNotFoundException: Could not load file or assembly 'Microsoft.Bcl.AsyncInterfaces, Version=1.0.0.0, Culture=neutral, PublicKeyToken=cc7b13ffcd2ddd51'. O sistema não pode encontrar o arquivo especificado.
File name: 'Microsoft.Bcl.AsyncInterfaces, Version=1.0.0.0, Culture=neutral, PublicKeyToken=cc7b13ffcd2ddd51'
 ---> System.IO.FileNotFoundException: Could not load file or assembly 'Microsoft.Bcl.AsyncInterfaces, Culture=neutral, PublicKeyToken=null'. O sistema não pode encontrar o arquivo especificado.
File name: 'Microsoft.Bcl.AsyncInterfaces, Culture=neutral, PublicKeyToken=null'
   at System.Reflection.RuntimeAssembly.InternalLoad(ObjectHandleOnStack assemblyName, ObjectHandleOnStack requestingAssembly, StackCrawlMarkHandle stackMark, Boolean throwOnFileNotFound, ObjectHandleOnStack assemblyLoadContext, ObjectHandleOnStack retAssembly)
   at System.Reflection.RuntimeAssembly.InternalLoad(AssemblyName assemblyName, RuntimeAssembly requestingAssembly, StackCrawlMark& stackMark, Boolean throwOnFileNotFound, AssemblyLoadContext assemblyLoadContext)
   at System.Reflection.Assembly.Load(AssemblyName assemblyRef)
   at Microsoft.VisualStudio.TestPlatform.Common.ExtensionFramework.TestPluginCache.CurrentDomainAssemblyResolve(Object sender, AssemblyResolveEventArgs args)
   at Microsoft.VisualStudio.TestPlatform.PlatformAbstractions.PlatformAssemblyResolver.AssemblyResolverEvent(Object sender, Object eventArgs)
   at System.Runtime.Loader.AssemblyLoadContext.GetFirstResolvedAssemblyFromResolvingEvent(AssemblyName assemblyName)
   at System.Runtime.Loader.AssemblyLoadContext.ResolveUsingEvent(AssemblyName assemblyName)
   at System.Runtime.Loader.AssemblyLoadContext.ResolveUsingResolvingEvent(IntPtr gchManagedAssemblyLoadContext, AssemblyName assemblyName)
TpTrace Verbose: 0 : 31540, 1, 2022/11/19, 19:40:17.237, 1942639057801, vstest.console.dll, MetadataReaderExtensionsHelper: Discovering extensions inside assembly 'Microsoft.TestPlatform.Extensions.BlameDataCollector, Version=15.0.0.0, Culture=neutral, PublicKeyToken=b03f5f7f11d50a3a' file path 'C:\Program Files\dotnet\sdk\6.0.403\Extensions\Microsoft.TestPlatform.Extensions.BlameDataCollector.dll'
TpTrace Information: 0 : 31540, 1, 2022/11/19, 19:40:17.237, 1942639061757, vstest.console.dll, GetTestExtensionFromType: Register extension with identifier data 'logger://Microsoft/TestPlatform/Extensions/Blame/v1' and type 'Microsoft.TestPlatform.Extensions.BlameDataCollector.BlameLogger, Microsoft.TestPlatform.Extensions.BlameDataCollector, Version=15.0.0.0, Culture=neutral, PublicKeyToken=b03f5f7f11d50a3a' inside file 'C:\Program Files\dotnet\sdk\6.0.403\Extensions\Microsoft.TestPlatform.Extensions.BlameDataCollector.dll'
TpTrace Verbose: 0 : 31540, 1, 2022/11/19, 19:40:17.238, 1942639062226, vstest.console.dll, MetadataReaderExtensionsHelper: Discovering extensions inside assembly 'Microsoft.TestPlatform.Extensions.EventLogCollector, Version=15.0.0.0, Culture=neutral, PublicKeyToken=b03f5f7f11d50a3a' file path 'C:\Program Files\dotnet\sdk\6.0.403\Extensions\Microsoft.TestPlatform.Extensions.EventLogCollector.dll'
TpTrace Verbose: 0 : 31540, 1, 2022/11/19, 19:40:17.238, 1942639064858, vstest.console.dll, MetadataReaderExtensionsHelper: Discovering extensions inside assembly 'Microsoft.TestPlatform.TestHostRuntimeProvider, Version=15.0.0.0, Culture=neutral, PublicKeyToken=b03f5f7f11d50a3a' file path 'C:\Program Files\dotnet\sdk\6.0.403\Extensions\Microsoft.TestPlatform.TestHostRuntimeProvider.dll'
TpTrace Verbose: 0 : 31540, 1, 2022/11/19, 19:40:17.238, 1942639068727, vstest.console.dll, MetadataReaderExtensionsHelper: Discovering extensions inside assembly 'Microsoft.VisualStudio.TestPlatform.Extensions.Html.TestLogger, Version=15.0.0.0, Culture=neutral, PublicKeyToken=b03f5f7f11d50a3a' file path 'C:\Program Files\dotnet\sdk\6.0.403\Extensions\Microsoft.VisualStudio.TestPlatform.Extensions.Html.TestLogger.dll'
TpTrace Information: 0 : 31540, 1, 2022/11/19, 19:40:17.239, 1942639072188, vstest.console.dll, GetTestExtensionFromType: Register extension with identifier data 'logger://Microsoft/TestPlatform/HtmlLogger/v1' and type 'Microsoft.VisualStudio.TestPlatform.Extensions.HtmlLogger.HtmlLogger, Microsoft.VisualStudio.TestPlatform.Extensions.Html.TestLogger, Version=15.0.0.0, Culture=neutral, PublicKeyToken=b03f5f7f11d50a3a' inside file 'C:\Program Files\dotnet\sdk\6.0.403\Extensions\Microsoft.VisualStudio.TestPlatform.Extensions.Html.TestLogger.dll'
TpTrace Verbose: 0 : 31540, 1, 2022/11/19, 19:40:17.239, 1942639072680, vstest.console.dll, MetadataReaderExtensionsHelper: Discovering extensions inside assembly 'Microsoft.VisualStudio.TestPlatform.Extensions.Trx.TestLogger, Version=15.0.0.0, Culture=neutral, PublicKeyToken=b03f5f7f11d50a3a' file path 'C:\Program Files\dotnet\sdk\6.0.403\Extensions\Microsoft.VisualStudio.TestPlatform.Extensions.Trx.TestLogger.dll'
TpTrace Information: 0 : 31540, 1, 2022/11/19, 19:40:17.239, 1942639075609, vstest.console.dll, GetTestExtensionFromType: Register extension with identifier data 'logger://Microsoft/TestPlatform/TrxLogger/v1' and type 'Microsoft.VisualStudio.TestPlatform.Extensions.TrxLogger.TrxLogger, Microsoft.VisualStudio.TestPlatform.Extensions.Trx.TestLogger, Version=15.0.0.0, Culture=neutral, PublicKeyToken=b03f5f7f11d50a3a' inside file 'C:\Program Files\dotnet\sdk\6.0.403\Extensions\Microsoft.VisualStudio.TestPlatform.Extensions.Trx.TestLogger.dll'
TpTrace Verbose: 0 : 31540, 1, 2022/11/19, 19:40:17.239, 1942639076119, vstest.console.dll, TestPluginCache: Discovered the extensions using extension path ''.
TpTrace Verbose: 0 : 31540, 1, 2022/11/19, 19:40:17.239, 1942639076324, vstest.console.dll, TestPluginCache: Discoverers are ''.
TpTrace Verbose: 0 : 31540, 1, 2022/11/19, 19:40:17.239, 1942639076483, vstest.console.dll, TestPluginCache: Executors are ''.
TpTrace Verbose: 0 : 31540, 1, 2022/11/19, 19:40:17.239, 1942639076634, vstest.console.dll, TestPluginCache: Executors2 are ''.
TpTrace Verbose: 0 : 31540, 1, 2022/11/19, 19:40:17.239, 1942639076785, vstest.console.dll, TestPluginCache: Setting providers are ''.
TpTrace Verbose: 0 : 31540, 1, 2022/11/19, 19:40:17.239, 1942639077250, vstest.console.dll, TestPluginCache: Loggers are 'logger://Microsoft/TestPlatform/Extensions/Blame/v1,logger://Microsoft/TestPlatform/HtmlLogger/v1,logger://Microsoft/TestPlatform/TrxLogger/v1'.
TpTrace Verbose: 0 : 31540, 1, 2022/11/19, 19:40:17.239, 1942639077525, vstest.console.dll, TestPluginCache: TestHosts are 'HostProvider://DefaultTestHost,HostProvider://DotnetTestHost'.
TpTrace Verbose: 0 : 31540, 1, 2022/11/19, 19:40:17.239, 1942639077695, vstest.console.dll, TestPluginCache: DataCollectors are ''.
TpTrace Information: 0 : 31540, 1, 2022/11/19, 19:40:17.240, 1942639082181, vstest.console.dll, TestPluginManager.CreateTestExtension: Attempting to load test extension: Microsoft.TestPlatform.Extensions.BlameDataCollector.BlameLogger
TpTrace Verbose: 0 : 31540, 1, 2022/11/19, 19:40:17.243, 1942639116358, vstest.console.dll, TestEngine: Initializing Parallel Execution as MaxCpuCount is set to: 1
TpTrace Information: 0 : 31540, 1, 2022/11/19, 19:40:17.244, 1942639126353, vstest.console.dll, TestPluginManager.CreateTestExtension: Attempting to load test extension: Microsoft.VisualStudio.TestPlatform.CrossPlatEngine.Hosting.DefaultTestHostManager
TpTrace Information: 0 : 31540, 1, 2022/11/19, 19:40:17.244, 1942639131557, vstest.console.dll, TestPluginManager.CreateTestExtension: Attempting to load test extension: Microsoft.VisualStudio.TestPlatform.CrossPlatEngine.Hosting.DotnetTestHostManager
TpTrace Information: 0 : 31540, 1, 2022/11/19, 19:40:17.245, 1942639135140, vstest.console.dll, InferRunSettingsHelper.IsTestSettingsEnabled: Unable to navigate to RunSettings/MSTest. Current node: RunSettings
TpTrace Verbose: 0 : 31540, 1, 2022/11/19, 19:40:17.248, 1942639167603, vstest.console.dll, TestEngine.GetExecutionManager: Chosen execution manager 'Microsoft.VisualStudio.TestPlatform.CrossPlatEngine.Client.Parallel.ParallelProxyExecutionManager, Microsoft.TestPlatform.CrossPlatEngine, Version=15.0.0.0, Culture=neutral, PublicKeyToken=b03f5f7f11d50a3a' ParallelLevel '1'.
TpTrace Verbose: 0 : 31540, 1, 2022/11/19, 19:40:17.248, 1942639168389, vstest.console.dll, TestRunRequest.ExecuteAsync: Creating test run request.
TpTrace Verbose: 0 : 31540, 1, 2022/11/19, 19:40:17.248, 1942639169711, vstest.console.dll, TestRunRequest.ExecuteAsync: Starting.
TpTrace Information: 0 : 31540, 1, 2022/11/19, 19:40:17.248, 1942639171788, vstest.console.dll, TestRunRequest.ExecuteAsync: Starting run with settings:TestRunCriteria:
   KeepAlive=False,FrequencyOfRunStatsChangeEvent=10,RunStatsChangeEventTimeout=00:00:01.5000000,TestCaseFilter=,TestExecutorLauncher=
   Settingsxml=<RunSettings>
  <RunConfiguration>
    <ResultsDirectory>C:\Users\Mabel\Desktop\RaroAcademy\Projetos\demys_tdd-universidade\demys_universidade.Test\bin\Debug\net6.0\fine-code-coverage\coverage-tool-output</ResultsDirectory>
    <TargetPlatform>X64</TargetPlatform>
    <TargetFrameworkVersion>.NETCoreApp,Version=v6.0</TargetFrameworkVersion>
    <DesignMode>False</DesignMode>
    <CollectSourceInformation>False</CollectSourceInformation>
  </RunConfiguration>
  <LoggerRunSettings>
    <Loggers>
      <Logger friendlyName="blame" enabled="True" />
      <Logger friendlyName="Console" uri="logger://microsoft/TestPlatform/ConsoleLogger/v1" assemblyQualifiedName="Microsoft.VisualStudio.TestPlatform.CommandLine.Internal.ConsoleLogger, vstest.console, Version=15.0.0.0, Culture=neutral, PublicKeyToken=b03f5f7f11d50a3a" codeBase="C:\Program Files\dotnet\sdk\6.0.403\vstest.console.dll" enabled="True" />
    </Loggers>
  </LoggerRunSettings>
  <DataCollectionRunSettings>
    <DataCollectors>
      <DataCollector friendlyName="blame" enabled="True">
        <Configuration>
          <ResultsDirectory>C:\Users\Mabel\Desktop\RaroAcademy\Projetos\demys_tdd-universidade\demys_universidade.Test\bin\Debug\net6.0\fine-code-coverage\coverage-tool-output</ResultsDirectory>
        </Configuration>
      </DataCollector>
    </DataCollectors>
  </DataCollectionRunSettings>
</RunSettings>

TpTrace Verbose: 0 : 31540, 1, 2022/11/19, 19:40:17.249, 1942639172184, vstest.console.dll, TestRunRequest.ExecuteAsync: Wait for the first run request is over.
TpTrace Verbose: 0 : 31540, 1, 2022/11/19, 19:40:17.249, 1942639173874, vstest.console.dll, MulticastDelegateUtilities.SafeInvoke: TestRun.TestRunStart: Invoking callbacks was skipped because there are no subscribers.
TpTrace Verbose: 0 : 31540, 4, 2022/11/19, 19:40:17.249, 1942639175181, vstest.console.dll, MulticastDelegateUtilities.SafeInvoke: InternalTestLoggerEvents.SendTestRunStart: Invoking callback 1/1 for Microsoft.VisualStudio.TestPlatform.CommandLine.Internal.ConsoleLogger.TestRunStartHandler, took 0 ms.
TpTrace Verbose: 0 : 31540, 1, 2022/11/19, 19:40:17.249, 1942639180325, vstest.console.dll, ParallelProxyExecutionManager: Start execution. Total sources: 1
TpTrace Verbose: 0 : 31540, 1, 2022/11/19, 19:40:17.250, 1942639190100, vstest.console.dll, TestRequestSender is acting as server.
TpTrace Verbose: 0 : 31540, 1, 2022/11/19, 19:40:17.251, 1942639197654, vstest.console.dll, DataCollectionRequestSender.InitializeCommunication : Initialize communication. 
TpTrace Information: 0 : 31540, 1, 2022/11/19, 19:40:17.255, 1942639232536, vstest.console.dll, Listening on Endpoint : 127.0.0.1:49251
TpTrace Verbose: 0 : 31540, 1, 2022/11/19, 19:40:17.259, 1942639279620, vstest.console.dll, DotnetDataCollectionLauncher: Adding  --runtimeconfig "C:\Program Files\dotnet\sdk\6.0.403\datacollector.runtimeconfig.json" in args
TpTrace Verbose: 0 : 31540, 1, 2022/11/19, 19:40:17.259, 1942639280391, vstest.console.dll, DotnetDataCollectionLauncher: Adding  --depsfile "C:\Program Files\dotnet\sdk\6.0.403\datacollector.deps.json" in args
TpTrace Verbose: 0 : 31540, 1, 2022/11/19, 19:40:17.259, 1942639281131, vstest.console.dll, DotnetDataCollectionLauncher: Full path of dotnet.exe is C:\Program Files\dotnet\dotnet.exe
TpTrace Information: 0 : 31540, 1, 2022/11/19, 19:40:17.266, 1942639342357, vstest.console.dll, ProxyDataCollectionManager.Initialize: Launched datacollector processId: 19512 port: 49251
TpTrace Information: 0 : 31540, 1, 2022/11/19, 19:40:17.266, 1942639343684, vstest.console.dll, ProxyDataCollectionManager.Initialize: waiting for connection with timeout: 90 seconds
TpTrace Verbose: 0 : 31540, 1, 2022/11/19, 19:40:17.266, 1942639344200, vstest.console.dll, DataCollectionRequestSender.WaitForRequestHandlerConnection : Waiting for connection with timeout: 90000
TpTrace Information: 0 : 31540, 5, 2022/11/19, 19:40:17.359, 1942640275686, vstest.console.dll, Using the buffer size of 16384 bytes
TpTrace Verbose: 0 : 31540, 1, 2022/11/19, 19:40:17.359, 1942640275720, vstest.console.dll, SocketCommunicationManager.WaitForClientConnection took: 93 ms, with 90000 ms timeout, and finished with True.
TpTrace Information: 0 : 31540, 5, 2022/11/19, 19:40:17.359, 1942640276739, vstest.console.dll, Accepted Client request and set the flag
TpTrace Verbose: 0 : 31540, 1, 2022/11/19, 19:40:17.359, 1942640277458, vstest.console.dll, ProxyDataCollectionManager.InvokeDataCollectionServiceAction: Starting.
TpTrace Information: 0 : 31540, 1, 2022/11/19, 19:40:17.359, 1942640278274, vstest.console.dll, ProxyDataCollectionManager.BeforeTestRunStart: Get environment variable and port for datacollector processId: 19512 port: 49251
TpTrace Verbose: 0 : 31540, 1, 2022/11/19, 19:40:17.359, 1942640279308, vstest.console.dll, DataCollectionRequestSender.SendBeforeTestRunStartAndGetResult: Send BeforeTestRunStart message with settingsXml <RunSettings><RunConfiguration><ResultsDirectory>C:\Users\Mabel\Desktop\RaroAcademy\Projetos\demys_tdd-universidade\demys_universidade.Test\bin\Debug\net6.0\fine-code-coverage\coverage-tool-output</ResultsDirectory><TargetPlatform>X64</TargetPlatform><TargetFrameworkVersion>.NETCoreApp,Version=v6.0</TargetFrameworkVersion><DesignMode>False</DesignMode><CollectSourceInformation>False</CollectSourceInformation><TestAdaptersPaths>C:\Program Files\dotnet\sdk\6.0.403\Extensions</TestAdaptersPaths></RunConfiguration><LoggerRunSettings><Loggers><Logger friendlyName="blame" enabled="True" /><Logger friendlyName="Console" uri="logger://microsoft/TestPlatform/ConsoleLogger/v1" assemblyQualifiedName="Microsoft.VisualStudio.TestPlatform.CommandLine.Internal.ConsoleLogger, vstest.console, Version=15.0.0.0, Culture=neutral, PublicKeyToken=b03f5f7f11d50a3a" codeBase="C:\Program Files\dotnet\sdk\6.0.403\vstest.console.dll" enabled="True" /></Loggers></LoggerRunSettings><DataCollectionRunSettings><DataCollectors><DataCollector friendlyName="blame" enabled="True"><Configuration><ResultsDirectory>C:\Users\Mabel\Desktop\RaroAcademy\Projetos\demys_tdd-universidade\demys_universidade.Test\bin\Debug\net6.0\fine-code-coverage\coverage-tool-output</ResultsDirectory></Configuration></DataCollector></DataCollectors></DataCollectionRunSettings></RunSettings> and sources System.Collections.Generic.List`1[System.String]: 
TpTrace Verbose: 0 : 31540, 1, 2022/11/19, 19:40:17.401, 1942640694554, vstest.console.dll, DataCollectionRequestSender.SendBeforeTestRunStartAndGetResult: Received message: (DataCollection.SendMessage) -> {"MessageType":"DataCollection.SendMessage","Payload":{"FriendlyName":null,"Uri":null,"TestCaseId":"00000000-0000-0000-0000-000000000000","Message":"Logging DataCollector Diagnostics in file: C:\\Users\\Mabel\\Desktop\\RaroAcademy\\Projetos\\demys_tdd-universidade\\demys_universidade.Test\\bin\\Debug\\net6.0\\fine-code-coverage\\coverage-tool-output\\diagnostics.datacollector.22-11-19_19-40-17_25957_1.log","Level":0}}
TpTrace Verbose: 0 : 31540, 1, 2022/11/19, 19:40:17.461, 1942641294300, vstest.console.dll, DataCollectionRequestSender.SendBeforeTestRunStartAndGetResult: Received message: (DataCollection.BeforeTestRunStartResult) -> {"MessageType":"DataCollection.BeforeTestRunStartResult","Payload":{"EnvironmentVariables":{},"DataCollectionEventsPort":49253}}
TpTrace Information: 0 : 31540, 1, 2022/11/19, 19:40:17.464, 1942641331278, vstest.console.dll, ProxyDataCollectionManager.BeforeTestRunStart: SendBeforeTestRunStartAndGetResult successful, env variable from datacollector:   and testhost port: 49253
TpTrace Information: 0 : 31540, 1, 2022/11/19, 19:40:17.464, 1942641331683, vstest.console.dll, ProxyDataCollectionManager.InvokeDataCollectionServiceAction: Completed.
TpTrace Verbose: 0 : 31540, 7, 2022/11/19, 19:40:17.465, 1942641332312, vstest.console.dll, ParallelProxyExecutionManager: Execution started. Started clients: 1
TpTrace Verbose: 0 : 31540, 1, 2022/11/19, 19:40:17.465, 1942641332579, vstest.console.dll, ProxyParallelExecutionManager: No sources available for execution.
TpTrace Information: 0 : 31540, 1, 2022/11/19, 19:40:17.465, 1942641332944, vstest.console.dll, TestRunRequest.ExecuteAsync: Started.
TpTrace Verbose: 0 : 31540, 1, 2022/11/19, 19:40:17.465, 1942641333386, vstest.console.dll, TestRunRequest.WaitForCompletion: Waiting with timeout -1.
TpTrace Verbose: 0 : 31540, 7, 2022/11/19, 19:40:17.465, 1942641333936, vstest.console.dll, TestRunRequest:SendTestRunMessage: Starting.
TpTrace Verbose: 0 : 31540, 7, 2022/11/19, 19:40:17.465, 1942641334928, vstest.console.dll, MulticastDelegateUtilities.SafeInvoke: TestRun.LogMessages: Invoking callback 1/1 for Microsoft.VisualStudio.TestPlatform.CommandLine.TestRunResultAggregator.TestRunMessageHandler, took 0 ms.
TpTrace Verbose: 0 : 31540, 4, 2022/11/19, 19:40:17.465, 1942641334969, vstest.console.dll, MulticastDelegateUtilities.SafeInvoke: InternalTestLoggerEvents.SendTestRunMessage: Invoking callback 1/1 for Microsoft.VisualStudio.TestPlatform.CommandLine.Internal.ConsoleLogger.TestMessageHandler, took 0 ms.
TpTrace Information: 0 : 31540, 7, 2022/11/19, 19:40:17.465, 1942641335241, vstest.console.dll, TestRunRequest:SendTestRunMessage: Completed.
TpTrace Verbose: 0 : 31540, 7, 2022/11/19, 19:40:17.465, 1942641336759, vstest.console.dll, ProxyExecutionManager: Test host is always Lazy initialize.
TpTrace Verbose: 0 : 31540, 7, 2022/11/19, 19:40:17.465, 1942641338048, vstest.console.dll, TestRequestSender.InitializeCommunication: initialize communication. 
TpTrace Information: 0 : 31540, 7, 2022/11/19, 19:40:17.465, 1942641341331, vstest.console.dll, SocketServer.Start: Listening on endpoint : 127.0.0.1:49254
TpTrace Verbose: 0 : 31540, 7, 2022/11/19, 19:40:17.466, 1942641345390, vstest.console.dll, DotnetTestHostmanager.GetTestHostProcessStartInfo: Platform environment 'X64' target architecture 'X64' framework '.NETCoreApp,Version=v6.0' OS 'Windows'
TpTrace Verbose: 0 : 31540, 7, 2022/11/19, 19:40:17.466, 1942641346873, vstest.console.dll, DotnetTestHostmanager: Adding  --runtimeconfig "C:\Users\Mabel\Desktop\RaroAcademy\Projetos\demys_tdd-universidade\demys_universidade.Test\bin\Debug\net6.0\fine-code-coverage\build-output\demys_universidade.Test.runtimeconfig.json" in args
TpTrace Verbose: 0 : 31540, 7, 2022/11/19, 19:40:17.466, 1942641347511, vstest.console.dll, DotnetTestHostmanager: Adding  --depsfile "C:\Users\Mabel\Desktop\RaroAcademy\Projetos\demys_tdd-universidade\demys_universidade.Test\bin\Debug\net6.0\fine-code-coverage\build-output\demys_universidade.Test.deps.json" in args
TpTrace Verbose: 0 : 31540, 7, 2022/11/19, 19:40:17.466, 1942641348626, vstest.console.dll, DotnetTestHostmanager.IsWinOnArm: Current PROCESSOR_ARCHITECTURE from environment variable 'AMD64'
TpTrace Verbose: 0 : 31540, 7, 2022/11/19, 19:40:17.466, 1942641348991, vstest.console.dll, DotnetTestHostmanager.IsWinOnArm: Is Windows on ARM 'False'
TpTrace Verbose: 0 : 31540, 7, 2022/11/19, 19:40:17.466, 1942641349622, vstest.console.dll, DotnetTestHostManager: testhost.exe found at path: C:\Users\Mabel\Desktop\RaroAcademy\Projetos\demys_tdd-universidade\demys_universidade.Test\bin\Debug\net6.0\fine-code-coverage\build-output\testhost.exe
TpTrace Verbose: 0 : 31540, 7, 2022/11/19, 19:40:17.466, 1942641349889, vstest.console.dll, DotnetTestHostmanager: Full path of host exe is C:\Users\Mabel\Desktop\RaroAcademy\Projetos\demys_tdd-universidade\demys_universidade.Test\bin\Debug\net6.0\fine-code-coverage\build-output\testhost.exe
TpTrace Verbose: 0 : 31540, 7, 2022/11/19, 19:40:17.466, 1942641350639, vstest.console.dll, DotnetTestHostmanager.LaunchTestHostAsync: Found 'VSTEST_WINAPPHOST_DOTNET_ROOT' in env variables, value 'C:\Program Files\dotnet', forwarding to 'DOTNET_ROOT'
TpTrace Verbose: 0 : 31540, 7, 2022/11/19, 19:40:17.466, 1942641351448, vstest.console.dll, DotnetTestHostManager: Starting process 'C:\Users\Mabel\Desktop\RaroAcademy\Projetos\demys_tdd-universidade\demys_universidade.Test\bin\Debug\net6.0\fine-code-coverage\build-output\testhost.exe' with command line ' --runtimeconfig "C:\Users\Mabel\Desktop\RaroAcademy\Projetos\demys_tdd-universidade\demys_universidade.Test\bin\Debug\net6.0\fine-code-coverage\build-output\demys_universidade.Test.runtimeconfig.json" --depsfile "C:\Users\Mabel\Desktop\RaroAcademy\Projetos\demys_tdd-universidade\demys_universidade.Test\bin\Debug\net6.0\fine-code-coverage\build-output\demys_universidade.Test.deps.json" --port 49254 --endpoint 127.0.0.1:049254 --role client --parentprocessid 31540 --diag "C:\Users\Mabel\Desktop\RaroAcademy\Projetos\demys_tdd-universidade\demys_universidade.Test\bin\Debug\net6.0\fine-code-coverage\coverage-tool-output\diagnostics.host.22-11-19_19-40-17_46612_7.log" --tracelevel 4 --datacollectionport 49253 --telemetryoptedin false'
TpTrace Verbose: 0 : 31540, 7, 2022/11/19, 19:40:17.471, 1942641393691, vstest.console.dll, MulticastDelegateUtilities.SafeInvoke: HostProviderEvents.OnHostLaunched: Invoking callback 1/2 for Microsoft.VisualStudio.TestPlatform.CrossPlatEngine.Client.ProxyExecutionManagerWithDataCollection.TestHostLaunchedHandler, took 0 ms.
TpTrace Verbose: 0 : 31540, 7, 2022/11/19, 19:40:17.471, 1942641394982, vstest.console.dll, Test Runtime launched
TpTrace Verbose: 0 : 31540, 7, 2022/11/19, 19:40:17.471, 1942641395448, vstest.console.dll, MulticastDelegateUtilities.SafeInvoke: HostProviderEvents.OnHostLaunched: Invoking callback 2/2 for Microsoft.VisualStudio.TestPlatform.CrossPlatEngine.Client.ProxyOperationManager.TestHostManagerHostLaunched, took 0 ms.
TpTrace Verbose: 0 : 31540, 7, 2022/11/19, 19:40:17.471, 1942641396637, vstest.console.dll, TestRequestSender.WaitForRequestHandlerConnection: waiting for connection with timeout: 90000.
TpTrace Verbose: 0 : 31540, 13, 2022/11/19, 19:40:17.574, 1942642428210, vstest.console.dll, MulticastDelegateUtilities.SafeInvoke: SocketServer: ClientConnected: Invoking callback 1/1 for Microsoft.VisualStudio.TestPlatform.CommunicationUtilities.TestRequestSender.<InitializeCommunication>b__24_0, took 0 ms.
TpTrace Verbose: 0 : 31540, 7, 2022/11/19, 19:40:17.574, 1942642428281, vstest.console.dll, TestRequestSender.WaitForRequestHandlerConnection: waiting took 103 ms, with timeout 90000 ms, and result 0, which is success.
TpTrace Verbose: 0 : 31540, 13, 2022/11/19, 19:40:17.574, 1942642428971, vstest.console.dll, SocketServer.OnClientConnected: Client connected for endPoint: 127.0.0.1:49254, starting MessageLoopAsync:
TpTrace Verbose: 0 : 31540, 10, 2022/11/19, 19:40:17.575, 1942642432452, vstest.console.dll, TcpClientExtensions.MessageLoopAsync: Polling on remoteEndPoint: 127.0.0.1:49255 localEndPoint: 127.0.0.1:49254
TpTrace Verbose: 0 : 31540, 7, 2022/11/19, 19:40:17.575, 1942642437056, vstest.console.dll, TestRequestSender.CheckVersionWithTestHost: Sending check version message: {"MessageType":"ProtocolVersion","Payload":7}
TpTrace Verbose: 0 : 31540, 10, 2022/11/19, 19:40:17.672, 1942643405600, vstest.console.dll, TcpClientExtensions.MessageLoopAsync: NotifyDataAvailable remoteEndPoint: 127.0.0.1:49255 localEndPoint: 127.0.0.1:49254
TpTrace Verbose: 0 : 31540, 10, 2022/11/19, 19:40:17.672, 1942643407374, vstest.console.dll, TestRequestSender.CheckVersionWithTestHost: onMessageReceived received message: (ProtocolVersion) -> {"MessageType":"ProtocolVersion","Payload":5}
TpTrace Verbose: 0 : 31540, 10, 2022/11/19, 19:40:17.672, 1942643410983, vstest.console.dll, MulticastDelegateUtilities.SafeInvoke: LengthPrefixCommunicationChannel: MessageReceived: Invoking callback 1/1 for Microsoft.VisualStudio.TestPlatform.CommunicationUtilities.TestRequestSender+<>c__DisplayClass26_0.<CheckVersionWithTestHost>b__0, took 0 ms.
TpTrace Verbose: 0 : 31540, 10, 2022/11/19, 19:40:17.672, 1942643411495, vstest.console.dll, TcpClientExtensions.MessageLoopAsync: Polling on remoteEndPoint: 127.0.0.1:49255 localEndPoint: 127.0.0.1:49254
TpTrace Verbose: 0 : 31540, 7, 2022/11/19, 19:40:17.672, 1942643411516, vstest.console.dll, TestPluginCache.GetExtensionPaths: Filtered extension paths: 
TpTrace Verbose: 0 : 31540, 7, 2022/11/19, 19:40:17.673, 1942643412120, vstest.console.dll, TestPluginCache.GetExtensionPaths: Added default extension paths: C:\Program Files\dotnet\sdk\6.0.403\Extensions\Microsoft.Diagnostics.NETCore.Client.dll
C:\Program Files\dotnet\sdk\6.0.403\Extensions\Microsoft.TestPlatform.Extensions.BlameDataCollector.dll
C:\Program Files\dotnet\sdk\6.0.403\Extensions\Microsoft.TestPlatform.Extensions.EventLogCollector.dll
C:\Program Files\dotnet\sdk\6.0.403\Extensions\Microsoft.TestPlatform.TestHostRuntimeProvider.dll
C:\Program Files\dotnet\sdk\6.0.403\Extensions\Microsoft.VisualStudio.TestPlatform.Extensions.Html.TestLogger.dll
C:\Program Files\dotnet\sdk\6.0.403\Extensions\Microsoft.VisualStudio.TestPlatform.Extensions.Trx.TestLogger.dll
TpTrace Verbose: 0 : 31540, 7, 2022/11/19, 19:40:17.673, 1942643412906, vstest.console.dll, TestPluginCache.GetExtensionPaths: Added unfilterableExtensionPaths: 
TpTrace Verbose: 0 : 31540, 7, 2022/11/19, 19:40:17.675, 1942643438762, vstest.console.dll, TestRequestSender.InitializeExecution: Sending initialize execution with message: {"Version":5,"MessageType":"TestExecution.Initialize","Payload":["C:\\Users\\Mabel\\Desktop\\RaroAcademy\\Projetos\\demys_tdd-universidade\\demys_universidade.Test\\bin\\Debug\\net6.0\\fine-code-coverage\\build-output\\xunit.runner.visualstudio.dotnetcore.testadapter.dll"]}
TpTrace Warning: 0 : 31540, 7, 2022/11/19, 19:40:17.675, 1942643441050, vstest.console.dll, InferRunSettingsHelper.MakeRunsettingsCompatible: Removing the following settings: TargetPlatform from RunSettings file. To use those settings please move to latest version of Microsoft.NET.Test.Sdk
TpTrace Verbose: 0 : 31540, 10, 2022/11/19, 19:40:17.679, 1942643477734, vstest.console.dll, TcpClientExtensions.MessageLoopAsync: NotifyDataAvailable remoteEndPoint: 127.0.0.1:49255 localEndPoint: 127.0.0.1:49254
TpTrace Verbose: 0 : 31540, 10, 2022/11/19, 19:40:17.679, 1942643478535, vstest.console.dll, TestRequestSender.OnExecutionMessageReceived: Received message: {"Version":5,"MessageType":"TestSession.Message","Payload":{"MessageLevel":0,"Message":"Registro em log do diagnóstico TestHost no arquivo: C:\\Users\\Mabel\\Desktop\\RaroAcademy\\Projetos\\demys_tdd-universidade\\demys_universidade.Test\\bin\\Debug\\net6.0\\fine-code-coverage\\coverage-tool-output\\diagnostics.host.22-11-19_19-40-17_46612_7.log"}}
TpTrace Verbose: 0 : 31540, 10, 2022/11/19, 19:40:17.681, 1942643494117, vstest.console.dll, TestRunRequest:SendTestRunMessage: Starting.
TpTrace Verbose: 0 : 31540, 10, 2022/11/19, 19:40:17.681, 1942643494687, vstest.console.dll, MulticastDelegateUtilities.SafeInvoke: TestRun.LogMessages: Invoking callback 1/1 for Microsoft.VisualStudio.TestPlatform.CommandLine.TestRunResultAggregator.TestRunMessageHandler, took 0 ms.
TpTrace Information: 0 : 31540, 10, 2022/11/19, 19:40:17.681, 1942643494979, vstest.console.dll, TestRunRequest:SendTestRunMessage: Completed.
TpTrace Verbose: 0 : 31540, 4, 2022/11/19, 19:40:17.681, 1942643495130, vstest.console.dll, MulticastDelegateUtilities.SafeInvoke: InternalTestLoggerEvents.SendTestRunMessage: Invoking callback 1/1 for Microsoft.VisualStudio.TestPlatform.CommandLine.Internal.ConsoleLogger.TestMessageHandler, took 0 ms.
TpTrace Verbose: 0 : 31540, 7, 2022/11/19, 19:40:17.681, 1942643495264, vstest.console.dll, TestRequestSender.StartTestRun: Sending test run with message: {"Version":5,"MessageType":"TestExecution.StartWithSources","Payload":{"AdapterSourceMap":{"_none_":["C:\\Users\\Mabel\\Desktop\\RaroAcademy\\Projetos\\demys_tdd-universidade\\demys_universidade.Test\\bin\\Debug\\net6.0\\fine-code-coverage\\build-output\\demys_universidade.Test.dll"]},"RunSettings":"<RunSettings>\r\n  <RunConfiguration>\r\n    <ResultsDirectory>C:\\Users\\Mabel\\Desktop\\RaroAcademy\\Projetos\\demys_tdd-universidade\\demys_universidade.Test\\bin\\Debug\\net6.0\\fine-code-coverage\\coverage-tool-output</ResultsDirectory>\r\n    <TargetFrameworkVersion>.NETCoreApp,Version=v6.0</TargetFrameworkVersion>\r\n    <DesignMode>False</DesignMode>\r\n    <CollectSourceInformation>False</CollectSourceInformation>\r\n  </RunConfiguration>\r\n  <LoggerRunSettings>\r\n    <Loggers>\r\n      <Logger friendlyName=\"blame\" enabled=\"True\" />\r\n      <Logger friendlyName=\"Console\" uri=\"logger://microsoft/TestPlatform/ConsoleLogger/v1\" assemblyQualifiedName=\"Microsoft.VisualStudio.TestPlatform.CommandLine.Internal.ConsoleLogger, vstest.console, Version=15.0.0.0, Culture=neutral, PublicKeyToken=b03f5f7f11d50a3a\" codeBase=\"C:\\Program Files\\dotnet\\sdk\\6.0.403\\vstest.console.dll\" enabled=\"True\" />\r\n    </Loggers>\r\n  </LoggerRunSettings>\r\n  <DataCollectionRunSettings>\r\n    <DataCollectors>\r\n      <DataCollector friendlyName=\"blame\" enabled=\"True\">\r\n        <Configuration>\r\n          <ResultsDirectory>C:\\Users\\Mabel\\Desktop\\RaroAcademy\\Projetos\\demys_tdd-universidade\\demys_universidade.Test\\bin\\Debug\\net6.0\\fine-code-coverage\\coverage-tool-output</ResultsDirectory>\r\n        </Configuration>\r\n      </DataCollector>\r\n    </DataCollectors>\r\n  </DataCollectionRunSettings>\r\n</RunSettings>","TestExecutionContext":{"FrequencyOfRunStatsChangeEvent":10,"RunStatsChangeEventTimeout":"00:00:01.5000000","InIsolation":false,"KeepAlive":false,"AreTestCaseLevelEventsRequired":false,"IsDebug":false,"TestCaseFilter":null,"FilterOptions":null},"Package":null}}
TpTrace Verbose: 0 : 31540, 10, 2022/11/19, 19:40:17.681, 1942643495247, vstest.console.dll, MulticastDelegateUtilities.SafeInvoke: LengthPrefixCommunicationChannel: MessageReceived: Invoking callback 1/1 for Microsoft.VisualStudio.TestPlatform.CommunicationUtilities.TestRequestSender+<>c__DisplayClass31_0.<StartTestRun>b__1, took 1 ms.
TpTrace Verbose: 0 : 31540, 10, 2022/11/19, 19:40:17.681, 1942643496702, vstest.console.dll, TcpClientExtensions.MessageLoopAsync: Polling on remoteEndPoint: 127.0.0.1:49255 localEndPoint: 127.0.0.1:49254
TpTrace Verbose: 0 : 31540, 10, 2022/11/19, 19:40:17.787, 1942644555968, vstest.console.dll, TcpClientExtensions.MessageLoopAsync: NotifyDataAvailable remoteEndPoint: 127.0.0.1:49255 localEndPoint: 127.0.0.1:49254
TpTrace Verbose: 0 : 31540, 10, 2022/11/19, 19:40:17.787, 1942644557157, vstest.console.dll, TestRequestSender.OnExecutionMessageReceived: Received message: {"Version":5,"MessageType":"TestSession.Message","Payload":{"MessageLevel":0,"Message":"[xUnit.net 00:00:00.00] xUnit.net VSTest Adapter v2.4.3+1b45f5407b (64-bit .NET 6.0.11)"}}
TpTrace Verbose: 0 : 31540, 10, 2022/11/19, 19:40:17.787, 1942644558298, vstest.console.dll, TestRunRequest:SendTestRunMessage: Starting.
TpTrace Verbose: 0 : 31540, 10, 2022/11/19, 19:40:17.787, 1942644558694, vstest.console.dll, MulticastDelegateUtilities.SafeInvoke: TestRun.LogMessages: Invoking callback 1/1 for Microsoft.VisualStudio.TestPlatform.CommandLine.TestRunResultAggregator.TestRunMessageHandler, took 0 ms.
TpTrace Information: 0 : 31540, 10, 2022/11/19, 19:40:17.787, 1942644558897, vstest.console.dll, TestRunRequest:SendTestRunMessage: Completed.
TpTrace Verbose: 0 : 31540, 10, 2022/11/19, 19:40:17.787, 1942644559080, vstest.console.dll, MulticastDelegateUtilities.SafeInvoke: LengthPrefixCommunicationChannel: MessageReceived: Invoking callback 1/1 for Microsoft.VisualStudio.TestPlatform.CommunicationUtilities.TestRequestSender+<>c__DisplayClass31_0.<StartTestRun>b__1, took 0 ms.
TpTrace Verbose: 0 : 31540, 10, 2022/11/19, 19:40:17.787, 1942644559263, vstest.console.dll, TcpClientExtensions.MessageLoopAsync: Polling on remoteEndPoint: 127.0.0.1:49255 localEndPoint: 127.0.0.1:49254
TpTrace Verbose: 0 : 31540, 4, 2022/11/19, 19:40:17.787, 1942644559314, vstest.console.dll, MulticastDelegateUtilities.SafeInvoke: InternalTestLoggerEvents.SendTestRunMessage: Invoking callback 1/1 for Microsoft.VisualStudio.TestPlatform.CommandLine.Internal.ConsoleLogger.TestMessageHandler, took 0 ms.
TpTrace Verbose: 0 : 31540, 10, 2022/11/19, 19:40:18.787, 1942654556192, vstest.console.dll, TcpClientExtensions.MessageLoopAsync: Polling on remoteEndPoint: 127.0.0.1:49255 localEndPoint: 127.0.0.1:49254
TpTrace Verbose: 0 : 31540, 10, 2022/11/19, 19:40:18.972, 1942656403073, vstest.console.dll, TcpClientExtensions.MessageLoopAsync: NotifyDataAvailable remoteEndPoint: 127.0.0.1:49255 localEndPoint: 127.0.0.1:49254
TpTrace Verbose: 0 : 31540, 10, 2022/11/19, 19:40:18.972, 1942656404015, vstest.console.dll, TestRequestSender.OnExecutionMessageReceived: Received message: {"Version":5,"MessageType":"TestSession.Message","Payload":{"MessageLevel":0,"Message":"[xUnit.net 00:00:01.19]   Discovering: demys_universidade.Test"}}
TpTrace Verbose: 0 : 31540, 10, 2022/11/19, 19:40:18.972, 1942656404931, vstest.console.dll, TestRunRequest:SendTestRunMessage: Starting.
TpTrace Verbose: 0 : 31540, 10, 2022/11/19, 19:40:18.972, 1942656405288, vstest.console.dll, MulticastDelegateUtilities.SafeInvoke: TestRun.LogMessages: Invoking callback 1/1 for Microsoft.VisualStudio.TestPlatform.CommandLine.TestRunResultAggregator.TestRunMessageHandler, took 0 ms.
TpTrace Information: 0 : 31540, 10, 2022/11/19, 19:40:18.972, 1942656405498, vstest.console.dll, TestRunRequest:SendTestRunMessage: Completed.
TpTrace Verbose: 0 : 31540, 4, 2022/11/19, 19:40:18.972, 1942656405493, vstest.console.dll, MulticastDelegateUtilities.SafeInvoke: InternalTestLoggerEvents.SendTestRunMessage: Invoking callback 1/1 for Microsoft.VisualStudio.TestPlatform.CommandLine.Internal.ConsoleLogger.TestMessageHandler, took 0 ms.
TpTrace Verbose: 0 : 31540, 10, 2022/11/19, 19:40:18.972, 1942656405665, vstest.console.dll, MulticastDelegateUtilities.SafeInvoke: LengthPrefixCommunicationChannel: MessageReceived: Invoking callback 1/1 for Microsoft.VisualStudio.TestPlatform.CommunicationUtilities.TestRequestSender+<>c__DisplayClass31_0.<StartTestRun>b__1, took 0 ms.
TpTrace Verbose: 0 : 31540, 10, 2022/11/19, 19:40:18.972, 1942656406218, vstest.console.dll, TcpClientExtensions.MessageLoopAsync: Polling on remoteEndPoint: 127.0.0.1:49255 localEndPoint: 127.0.0.1:49254
TpTrace Verbose: 0 : 31540, 10, 2022/11/19, 19:40:19.002, 1942656711551, vstest.console.dll, TcpClientExtensions.MessageLoopAsync: NotifyDataAvailable remoteEndPoint: 127.0.0.1:49255 localEndPoint: 127.0.0.1:49254
TpTrace Verbose: 0 : 31540, 10, 2022/11/19, 19:40:19.003, 1942656712518, vstest.console.dll, TestRequestSender.OnExecutionMessageReceived: Received message: {"Version":5,"MessageType":"TestSession.Message","Payload":{"MessageLevel":0,"Message":"[xUnit.net 00:00:01.22]   Discovered:  demys_universidade.Test"}}
TpTrace Verbose: 0 : 31540, 10, 2022/11/19, 19:40:19.003, 1942656713417, vstest.console.dll, TestRunRequest:SendTestRunMessage: Starting.
TpTrace Verbose: 0 : 31540, 10, 2022/11/19, 19:40:19.003, 1942656713769, vstest.console.dll, MulticastDelegateUtilities.SafeInvoke: TestRun.LogMessages: Invoking callback 1/1 for Microsoft.VisualStudio.TestPlatform.CommandLine.TestRunResultAggregator.TestRunMessageHandler, took 0 ms.
TpTrace Information: 0 : 31540, 10, 2022/11/19, 19:40:19.003, 1942656713962, vstest.console.dll, TestRunRequest:SendTestRunMessage: Completed.
TpTrace Verbose: 0 : 31540, 4, 2022/11/19, 19:40:19.003, 1942656713933, vstest.console.dll, MulticastDelegateUtilities.SafeInvoke: InternalTestLoggerEvents.SendTestRunMessage: Invoking callback 1/1 for Microsoft.VisualStudio.TestPlatform.CommandLine.Internal.ConsoleLogger.TestMessageHandler, took 0 ms.
TpTrace Verbose: 0 : 31540, 10, 2022/11/19, 19:40:19.003, 1942656714165, vstest.console.dll, MulticastDelegateUtilities.SafeInvoke: LengthPrefixCommunicationChannel: MessageReceived: Invoking callback 1/1 for Microsoft.VisualStudio.TestPlatform.CommunicationUtilities.TestRequestSender+<>c__DisplayClass31_0.<StartTestRun>b__1, took 0 ms.
TpTrace Verbose: 0 : 31540, 10, 2022/11/19, 19:40:19.003, 1942656714694, vstest.console.dll, TcpClientExtensions.MessageLoopAsync: Polling on remoteEndPoint: 127.0.0.1:49255 localEndPoint: 127.0.0.1:49254
TpTrace Verbose: 0 : 31540, 10, 2022/11/19, 19:40:19.004, 1942656724731, vstest.console.dll, TcpClientExtensions.MessageLoopAsync: NotifyDataAvailable remoteEndPoint: 127.0.0.1:49255 localEndPoint: 127.0.0.1:49254
TpTrace Verbose: 0 : 31540, 10, 2022/11/19, 19:40:19.004, 1942656724997, vstest.console.dll, TestRequestSender.OnExecutionMessageReceived: Received message: {"Version":5,"MessageType":"TestSession.Message","Payload":{"MessageLevel":0,"Message":"[xUnit.net 00:00:01.22]   Starting:    demys_universidade.Test"}}
TpTrace Verbose: 0 : 31540, 10, 2022/11/19, 19:40:19.004, 1942656725363, vstest.console.dll, TestRunRequest:SendTestRunMessage: Starting.
TpTrace Verbose: 0 : 31540, 10, 2022/11/19, 19:40:19.004, 1942656725580, vstest.console.dll, MulticastDelegateUtilities.SafeInvoke: TestRun.LogMessages: Invoking callback 1/1 for Microsoft.VisualStudio.TestPlatform.CommandLine.TestRunResultAggregator.TestRunMessageHandler, took 0 ms.
TpTrace Verbose: 0 : 31540, 4, 2022/11/19, 19:40:19.004, 1942656725630, vstest.console.dll, MulticastDelegateUtilities.SafeInvoke: InternalTestLoggerEvents.SendTestRunMessage: Invoking callback 1/1 for Microsoft.VisualStudio.TestPlatform.CommandLine.Internal.ConsoleLogger.TestMessageHandler, took 0 ms.
TpTrace Information: 0 : 31540, 10, 2022/11/19, 19:40:19.004, 1942656725775, vstest.console.dll, TestRunRequest:SendTestRunMessage: Completed.
TpTrace Verbose: 0 : 31540, 10, 2022/11/19, 19:40:19.004, 1942656726159, vstest.console.dll, MulticastDelegateUtilities.SafeInvoke: LengthPrefixCommunicationChannel: MessageReceived: Invoking callback 1/1 for Microsoft.VisualStudio.TestPlatform.CommunicationUtilities.TestRequestSender+<>c__DisplayClass31_0.<StartTestRun>b__1, took 0 ms.
TpTrace Verbose: 0 : 31540, 10, 2022/11/19, 19:40:19.004, 1942656726305, vstest.console.dll, TcpClientExtensions.MessageLoopAsync: Polling on remoteEndPoint: 127.0.0.1:49255 localEndPoint: 127.0.0.1:49254
TpTrace Verbose: 0 : 31540, 10, 2022/11/19, 19:40:19.256, 1942659244826, vstest.console.dll, TcpClientExtensions.MessageLoopAsync: NotifyDataAvailable remoteEndPoint: 127.0.0.1:49255 localEndPoint: 127.0.0.1:49254
TpTrace Verbose: 0 : 31540, 10, 2022/11/19, 19:40:19.256, 1942659247366, vstest.console.dll, TestRequestSender.OnExecutionMessageReceived: Received message: {"Version":5,"MessageType":"TestExecution.StatsChange","Payload":{"NewTestResults":[{"TestCase":{"Id":"8a2aca9b-48f9-2b39-bfbc-f24863146be1","FullyQualifiedName":"demys_universidade.Test.Sources.API.Controller.PerfisControllerTest.Delete","DisplayName":"Remove Perfil Existente","ExecutorUri":"executor://xunit/VsTestRunner2/netcoreapp","Source":"C:\\Users\\Mabel\\Desktop\\RaroAcademy\\Projetos\\demys_tdd-universidade\\demys_universidade.Test\\bin\\Debug\\net6.0\\fine-code-coverage\\build-output\\demys_universidade.Test.dll","CodeFilePath":null,"LineNumber":0,"Properties":[{"Key":{"Id":"TestObject.Traits","Label":"Traits","Category":"","Description":"","Attributes":5,"ValueType":"System.Collections.Generic.KeyValuePair`2[[System.String],[System.String]][]"},"Value":[{"Key":"Controller","Value":"Controller Perfis"}]}]},"Attachments":[],"Outcome":1,"ErrorMessage":null,"ErrorStackTrace":null,"DisplayName":"Remove Perfil Existente","Messages":[],"ComputerName":"MABEL","Duration":"00:00:00.1563259","StartTime":"2022-11-19T22:40:19.2020496+00:00","EndTime":"2022-11-19T22:40:19.2020701+00:00","Properties":[]}],"TestRunStatistics":{"ExecutedTests":1,"Stats":{"Passed":1}},"ActiveTests":[{"Id":"4df9e7a9-ecec-5af1-4258-f8408dc0a37b","FullyQualifiedName":"demys_universidade.Test.Sources.API.Controller.DepartamentoControllerTest.Post","DisplayName":"Cadastra uma nova empresa","ExecutorUri":"executor://xunit/VsTestRunner2/netcoreapp","Source":"C:\\Users\\Mabel\\Desktop\\RaroAcademy\\Projetos\\demys_tdd-universidade\\demys_universidade.Test\\bin\\Debug\\net6.0\\fine-code-coverage\\build-output\\demys_universidade.Test.dll","CodeFilePath":null,"LineNumber":0,"Properties":[{"Key":{"Id":"TestObject.Traits","Label":"Traits","Category":"","Description":"","Attributes":5,"ValueType":"System.Collections.Generic.KeyValuePair`2[[System.String],[System.String]][]"},"Value":[{"Key":"Controller","Value":"Departamento Controller"}]}]},{"Id":"22837a23-9d1c-daeb-2228-3766cad2bf07","FullyQualifiedName":"demys_universidade.Test.Sources.API.Controller.CursoControllerTest.Delete","DisplayName":"Remove uma curso existente","ExecutorUri":"executor://xunit/VsTestRunner2/netcoreapp","Source":"C:\\Users\\Mabel\\Desktop\\RaroAcademy\\Projetos\\demys_tdd-universidade\\demys_universidade.Test\\bin\\Debug\\net6.0\\fine-code-coverage\\build-output\\demys_universidade.Test.dll","CodeFilePath":null,"LineNumber":0,"Properties":[{"Key":{"Id":"TestObject.Traits","Label":"Traits","Category":"","Description":"","Attributes":5,"ValueType":"System.Collections.Generic.KeyValuePair`2[[System.String],[System.String]][]"},"Value":[{"Key":"Controller","Value":"Curso Controller"}]}]},{"Id":"9e374797-6f11-92e9-6efd-93f1f46d6c5f","FullyQualifiedName":"demys_universidade.Test.Sources.API.Controller.UsuarioControllerTest.Put","DisplayName":"Atualiza uma usuário existente","ExecutorUri":"executor://xunit/VsTestRunner2/netcoreapp","Source":"C:\\Users\\Mabel\\Desktop\\RaroAcademy\\Projetos\\demys_tdd-universidade\\demys_universidade.Test\\bin\\Debug\\net6.0\\fine-code-coverage\\build-output\\demys_universidade.Test.dll","CodeFilePath":null,"LineNumber":0,"Properties":[{"Key":{"Id":"TestObject.Traits","Label":"Traits","Category":"","Description":"","Attributes":5,"ValueType":"System.Collections.Generic.KeyValuePair`2[[System.String],[System.String]][]"},"Value":[{"Key":"Controller","Value":"Usuario Controller"}]}]},{"Id":"369493de-900a-2a12-2f6f-d53c054d6fa5","FullyQualifiedName":"demys_universidade.Test.Sources.API.Controller.AutenticacoesControllerTest.Post","DisplayName":"Cria Token","ExecutorUri":"executor://xunit/VsTestRunner2/netcoreapp","Source":"C:\\Users\\Mabel\\Desktop\\RaroAcademy\\Projetos\\demys_tdd-universidade\\demys_universidade.Test\\bin\\Debug\\net6.0\\fine-code-coverage\\build-output\\demys_universidade.Test.dll","CodeFilePath":null,"LineNumber":0,"Properties":[{"Key":{"Id":"TestObject.Traits","Label":"Traits","Category":"","Description":"","Attributes":5,"ValueType":"System.Collections.Generic.KeyValuePair`2[[System.String],[System.String]][]"},"Value":[{"Key":"Controller","Value":"Controller Autenticação"}]}]}]}}
TpTrace Information: 0 : 31540, 10, 2022/11/19, 19:40:19.281, 1942659494354, vstest.console.dll, AssemblyResolver.OnResolve: System.Private.DataContractSerialization.resources: Resolving assembly.
TpTrace Information: 0 : 31540, 10, 2022/11/19, 19:40:19.281, 1942659494887, vstest.console.dll, AssemblyResolver.OnResolve: System.Private.DataContractSerialization.resources: Searching in: 'C:\Program Files\dotnet\sdk\6.0.403\Extensions'.
TpTrace Information: 0 : 31540, 10, 2022/11/19, 19:40:19.281, 1942659495375, vstest.console.dll, AssemblyResolver.OnResolve: System.Private.DataContractSerialization.resources: Assembly path does not exist: 'C:\Program Files\dotnet\sdk\6.0.403\Extensions\System.Private.DataContractSerialization.resources.dll', returning.
TpTrace Information: 0 : 31540, 10, 2022/11/19, 19:40:19.281, 1942659495744, vstest.console.dll, AssemblyResolver.OnResolve: System.Private.DataContractSerialization.resources: Assembly path does not exist: 'C:\Program Files\dotnet\sdk\6.0.403\Extensions\System.Private.DataContractSerialization.resources.exe', returning.
TpTrace Information: 0 : 31540, 10, 2022/11/19, 19:40:19.281, 1942659495952, vstest.console.dll, AssemblyResolver.OnResolve: System.Private.DataContractSerialization.resources: Searching in: 'C:\Program Files\dotnet\sdk\6.0.403'.
TpTrace Information: 0 : 31540, 10, 2022/11/19, 19:40:19.281, 1942659496353, vstest.console.dll, AssemblyResolver.OnResolve: System.Private.DataContractSerialization.resources: Assembly path does not exist: 'C:\Program Files\dotnet\sdk\6.0.403\System.Private.DataContractSerialization.resources.dll', returning.
TpTrace Information: 0 : 31540, 10, 2022/11/19, 19:40:19.281, 1942659496739, vstest.console.dll, AssemblyResolver.OnResolve: System.Private.DataContractSerialization.resources: Assembly path does not exist: 'C:\Program Files\dotnet\sdk\6.0.403\System.Private.DataContractSerialization.resources.exe', returning.
TpTrace Information: 0 : 31540, 10, 2022/11/19, 19:40:19.281, 1942659496903, vstest.console.dll, AssemblyResolver.OnResolve: System.Private.DataContractSerialization.resources: Failed to load assembly.
TpTrace Information: 0 : 31540, 10, 2022/11/19, 19:40:19.281, 1942659498248, vstest.console.dll, AssemblyResolver.OnResolve: System.Private.DataContractSerialization.resources: Resolving assembly.
TpTrace Information: 0 : 31540, 10, 2022/11/19, 19:40:19.281, 1942659498509, vstest.console.dll, AssemblyResolver.OnResolve: System.Private.DataContractSerialization.resources: Resolved from cache.
TpTrace Verbose: 0 : 31540, 10, 2022/11/19, 19:40:19.293, 1942659612603, vstest.console.dll, TestRunRequest:SendTestRunStatsChange: Starting.
TpTrace Verbose: 0 : 31540, 10, 2022/11/19, 19:40:19.293, 1942659613554, vstest.console.dll, InProgress is Cadastra uma nova empresa
TpTrace Verbose: 0 : 31540, 10, 2022/11/19, 19:40:19.293, 1942659613788, vstest.console.dll, InProgress is Remove uma curso existente
TpTrace Verbose: 0 : 31540, 10, 2022/11/19, 19:40:19.293, 1942659613979, vstest.console.dll, InProgress is Atualiza uma usuário existente
TpTrace Verbose: 0 : 31540, 10, 2022/11/19, 19:40:19.293, 1942659614160, vstest.console.dll, InProgress is Cria Token
TpTrace Verbose: 0 : 31540, 10, 2022/11/19, 19:40:19.293, 1942659615438, vstest.console.dll, MulticastDelegateUtilities.SafeInvoke: TestRun.RunStatsChanged: Invoking callbacks was skipped because there are no subscribers.
TpTrace Information: 0 : 31540, 10, 2022/11/19, 19:40:19.293, 1942659615749, vstest.console.dll, TestRunRequest:SendTestRunStatsChange: Completed.
TpTrace Verbose: 0 : 31540, 10, 2022/11/19, 19:40:19.293, 1942659615980, vstest.console.dll, MulticastDelegateUtilities.SafeInvoke: LengthPrefixCommunicationChannel: MessageReceived: Invoking callback 1/1 for Microsoft.VisualStudio.TestPlatform.CommunicationUtilities.TestRequestSender+<>c__DisplayClass31_0.<StartTestRun>b__1, took 36 ms.
TpTrace Verbose: 0 : 31540, 10, 2022/11/19, 19:40:19.293, 1942659616213, vstest.console.dll, TcpClientExtensions.MessageLoopAsync: Polling on remoteEndPoint: 127.0.0.1:49255 localEndPoint: 127.0.0.1:49254
TpTrace Verbose: 0 : 31540, 10, 2022/11/19, 19:40:19.293, 1942659616536, vstest.console.dll, TcpClientExtensions.MessageLoopAsync: NotifyDataAvailable remoteEndPoint: 127.0.0.1:49255 localEndPoint: 127.0.0.1:49254
TpTrace Verbose: 0 : 31540, 10, 2022/11/19, 19:40:19.293, 1942659618425, vstest.console.dll, TestRequestSender.OnExecutionMessageReceived: Received message: {"Version":5,"MessageType":"TestExecution.StatsChange","Payload":{"NewTestResults":[{"TestCase":{"Id":"22837a23-9d1c-daeb-2228-3766cad2bf07","FullyQualifiedName":"demys_universidade.Test.Sources.API.Controller.CursoControllerTest.Delete","DisplayName":"Remove uma curso existente","ExecutorUri":"executor://xunit/VsTestRunner2/netcoreapp","Source":"C:\\Users\\Mabel\\Desktop\\RaroAcademy\\Projetos\\demys_tdd-universidade\\demys_universidade.Test\\bin\\Debug\\net6.0\\fine-code-coverage\\build-output\\demys_universidade.Test.dll","CodeFilePath":null,"LineNumber":0,"Properties":[{"Key":{"Id":"TestObject.Traits","Label":"Traits","Category":"","Description":"","Attributes":5,"ValueType":"System.Collections.Generic.KeyValuePair`2[[System.String],[System.String]][]"},"Value":[{"Key":"Controller","Value":"Curso Controller"}]}]},"Attachments":[],"Outcome":1,"ErrorMessage":null,"ErrorStackTrace":null,"DisplayName":"Remove uma curso existente","Messages":[],"ComputerName":"MABEL","Duration":"00:00:00.1562976","StartTime":"2022-11-19T22:40:19.2564198+00:00","EndTime":"2022-11-19T22:40:19.25642+00:00","Properties":[]},{"TestCase":{"Id":"369493de-900a-2a12-2f6f-d53c054d6fa5","FullyQualifiedName":"demys_universidade.Test.Sources.API.Controller.AutenticacoesControllerTest.Post","DisplayName":"Cria Token","ExecutorUri":"executor://xunit/VsTestRunner2/netcoreapp","Source":"C:\\Users\\Mabel\\Desktop\\RaroAcademy\\Projetos\\demys_tdd-universidade\\demys_universidade.Test\\bin\\Debug\\net6.0\\fine-code-coverage\\build-output\\demys_universidade.Test.dll","CodeFilePath":null,"LineNumber":0,"Properties":[{"Key":{"Id":"TestObject.Traits","Label":"Traits","Category":"","Description":"","Attributes":5,"ValueType":"System.Collections.Generic.KeyValuePair`2[[System.String],[System.String]][]"},"Value":[{"Key":"Controller","Value":"Controller Autenticação"}]}]},"Attachments":[],"Outcome":1,"ErrorMessage":null,"ErrorStackTrace":null,"DisplayName":"Cria Token","Messages":[],"ComputerName":"MABEL","Duration":"00:00:00.1546176","StartTime":"2022-11-19T22:40:19.2577246+00:00","EndTime":"2022-11-19T22:40:19.2577246+00:00","Properties":[]},{"TestCase":{"Id":"4df9e7a9-ecec-5af1-4258-f8408dc0a37b","FullyQualifiedName":"demys_universidade.Test.Sources.API.Controller.DepartamentoControllerTest.Post","DisplayName":"Cadastra uma nova empresa","ExecutorUri":"executor://xunit/VsTestRunner2/netcoreapp","Source":"C:\\Users\\Mabel\\Desktop\\RaroAcademy\\Projetos\\demys_tdd-universidade\\demys_universidade.Test\\bin\\Debug\\net6.0\\fine-code-coverage\\build-output\\demys_universidade.Test.dll","CodeFilePath":null,"LineNumber":0,"Properties":[{"Key":{"Id":"TestObject.Traits","Label":"Traits","Category":"","Description":"","Attributes":5,"ValueType":"System.Collections.Generic.KeyValuePair`2[[System.String],[System.String]][]"},"Value":[{"Key":"Controller","Value":"Departamento Controller"}]}]},"Attachments":[],"Outcome":1,"ErrorMessage":null,"ErrorStackTrace":null,"DisplayName":"Cadastra uma nova empresa","Messages":[],"ComputerName":"MABEL","Duration":"00:00:00.1722460","StartTime":"2022-11-19T22:40:19.2607376+00:00","EndTime":"2022-11-19T22:40:19.2607376+00:00","Properties":[]},{"TestCase":{"Id":"0aa71666-8894-93de-32ad-02e9b45dc375","FullyQualifiedName":"demys_universidade.Test.Sources.API.Controller.PerfisControllerTest.Post","DisplayName":"Cadastra Perfil","ExecutorUri":"executor://xunit/VsTestRunner2/netcoreapp","Source":"C:\\Users\\Mabel\\Desktop\\RaroAcademy\\Projetos\\demys_tdd-universidade\\demys_universidade.Test\\bin\\Debug\\net6.0\\fine-code-coverage\\build-output\\demys_universidade.Test.dll","CodeFilePath":null,"LineNumber":0,"Properties":[{"Key":{"Id":"TestObject.Traits","Label":"Traits","Category":"","Description":"","Attributes":5,"ValueType":"System.Collections.Generic.KeyValuePair`2[[System.String],[System.String]][]"},"Value":[{"Key":"Controller","Value":"Controller Perfis"}]}]},"Attachments":[],"Outcome":1,"ErrorMessage":null,"ErrorStackTrace":null,"DisplayName":"Cadastra Perfil","Messages":[],"ComputerName":"MABEL","Duration":"00:00:00.0140607","StartTime":"2022-11-19T22:40:19.2618044+00:00","EndTime":"2022-11-19T22:40:19.2618045+00:00","Properties":[]},{"TestCase":{"Id":"9e374797-6f11-92e9-6efd-93f1f46d6c5f","FullyQualifiedName":"demys_universidade.Test.Sources.API.Controller.UsuarioControllerTest.Put","DisplayName":"Atualiza uma usuário existente","ExecutorUri":"executor://xunit/VsTestRunner2/netcoreapp","Source":"C:\\Users\\Mabel\\Desktop\\RaroAcademy\\Projetos\\demys_tdd-universidade\\demys_universidade.Test\\bin\\Debug\\net6.0\\fine-code-coverage\\build-output\\demys_universidade.Test.dll","CodeFilePath":null,"LineNumber":0,"Properties":[{"Key":{"Id":"TestObject.Traits","Label":"Traits","Category":"","Description":"","Attributes":5,"ValueType":"System.Collections.Generic.KeyValuePair`2[[System.String],[System.String]][]"},"Value":[{"Key":"Controller","Value":"Usuario Controller"}]}]},"Attachments":[],"Outcome":1,"ErrorMessage":null,"ErrorStackTrace":null,"DisplayName":"Atualiza uma usuário existente","Messages":[],"ComputerName":"MABEL","Duration":"00:00:00.1728914","StartTime":"2022-11-19T22:40:19.2643775+00:00","EndTime":"2022-11-19T22:40:19.2643776+00:00","Properties":[]},{"TestCase":{"Id":"7d9ca749-788b-8ebc-1754-2018a0c3725f","FullyQualifiedName":"demys_universidade.Test.Sources.API.Controller.DepartamentoControllerTest.Delete","DisplayName":"Remove uma departamento existente","ExecutorUri":"executor://xunit/VsTestRunner2/netcoreapp","Source":"C:\\Users\\Mabel\\Desktop\\RaroAcademy\\Projetos\\demys_tdd-universidade\\demys_universidade.Test\\bin\\Debug\\net6.0\\fine-code-coverage\\build-output\\demys_universidade.Test.dll","CodeFilePath":null,"LineNumber":0,"Properties":[{"Key":{"Id":"TestObject.Traits","Label":"Traits","Category":"","Description":"","Attributes":5,"ValueType":"System.Collections.Generic.KeyValuePair`2[[System.String],[System.String]][]"},"Value":[{"Key":"Controller","Value":"Departamento Controller"}]}]},"Attachments":[],"Outcome":1,"ErrorMessage":null,"ErrorStackTrace":null,"DisplayName":"Remove uma departamento existente","Messages":[],"ComputerName":"MABEL","Duration":"00:00:00.0150715","StartTime":"2022-11-19T22:40:19.2661326+00:00","EndTime":"2022-11-19T22:40:19.2661326+00:00","Properties":[]}],"TestRunStatistics":{"ExecutedTests":7,"Stats":{"Passed":7}},"ActiveTests":[{"Id":"c8f1affb-a1d7-670c-ac6e-ef911789c18d","FullyQualifiedName":"demys_universidade.Test.Sources.API.Controller.CursoControllerTest.GetById","DisplayName":"Busca um Departamento por Id","ExecutorUri":"executor://xunit/VsTestRunner2/netcoreapp","Source":"C:\\Users\\Mabel\\Desktop\\RaroAcademy\\Projetos\\demys_tdd-universidade\\demys_universidade.Test\\bin\\Debug\\net6.0\\fine-code-coverage\\build-output\\demys_universidade.Test.dll","CodeFilePath":null,"LineNumber":0,"Properties":[{"Key":{"Id":"TestObject.Traits","Label":"Traits","Category":"","Description":"","Attributes":5,"ValueType":"System.Collections.Generic.KeyValuePair`2[[System.String],[System.String]][]"},"Value":[{"Key":"Controller","Value":"Curso Controller"}]}]},{"Id":"9e69f768-d6ac-9ce2-194e-7300380f6a05","FullyQualifiedName":"demys_universidade.Test.Sources.API.Controller.PerfisControllerTest.GetAsync","DisplayName":"Lista Perfis","ExecutorUri":"executor://xunit/VsTestRunner2/netcoreapp","Source":"C:\\Users\\Mabel\\Desktop\\RaroAcademy\\Projetos\\demys_tdd-universidade\\demys_universidade.Test\\bin\\Debug\\net6.0\\fine-code-coverage\\build-output\\demys_universidade.Test.dll","CodeFilePath":null,"LineNumber":0,"Properties":[{"Key":{"Id":"TestObject.Traits","Label":"Traits","Category":"","Description":"","Attributes":5,"ValueType":"System.Collections.Generic.KeyValuePair`2[[System.String],[System.String]][]"},"Value":[{"Key":"Controller","Value":"Controller Perfis"}]}]},{"Id":"e5b0b99b-67ca-7f70-b8cb-151da65cef95","FullyQualifiedName":"demys_universidade.Test.Sources.API.Controller.UsuarioControllerTest.Post","DisplayName":"Cadastra uma novo usuário","ExecutorUri":"executor://xunit/VsTestRunner2/netcoreapp","Source":"C:\\Users\\Mabel\\Desktop\\RaroAcademy\\Projetos\\demys_tdd-universidade\\demys_universidade.Test\\bin\\Debug\\net6.0\\fine-code-coverage\\build-output\\demys_universidade.Test.dll","CodeFilePath":null,"LineNumber":0,"Properties":[{"Key":{"Id":"TestObject.Traits","Label":"Traits","Category":"","Description":"","Attributes":5,"ValueType":"System.Collections.Generic.KeyValuePair`2[[System.String],[System.String]][]"},"Value":[{"Key":"Controller","Value":"Usuario Controller"}]}]},{"Id":"e287c328-96a8-6e8e-9a25-87eedfa1e323","FullyQualifiedName":"demys_universidade.Test.Sources.API.Controller.DepartamentoControllerTest.Get","DisplayName":"Busca todas empresas","ExecutorUri":"executor://xunit/VsTestRunner2/netcoreapp","Source":"C:\\Users\\Mabel\\Desktop\\RaroAcademy\\Projetos\\demys_tdd-universidade\\demys_universidade.Test\\bin\\Debug\\net6.0\\fine-code-coverage\\build-output\\demys_universidade.Test.dll","CodeFilePath":null,"LineNumber":0,"Properties":[{"Key":{"Id":"TestObject.Traits","Label":"Traits","Category":"","Description":"","Attributes":5,"ValueType":"System.Collections.Generic.KeyValuePair`2[[System.String],[System.String]][]"},"Value":[{"Key":"Controller","Value":"Departamento Controller"}]}]}]}}
TpTrace Verbose: 0 : 31540, 10, 2022/11/19, 19:40:19.295, 1942659635732, vstest.console.dll, TestRunRequest:SendTestRunStatsChange: Starting.
TpTrace Verbose: 0 : 31540, 10, 2022/11/19, 19:40:19.295, 1942659636273, vstest.console.dll, InProgress is Busca um Departamento por Id
TpTrace Verbose: 0 : 31540, 10, 2022/11/19, 19:40:19.295, 1942659636419, vstest.console.dll, InProgress is Lista Perfis
TpTrace Verbose: 0 : 31540, 10, 2022/11/19, 19:40:19.295, 1942659636592, vstest.console.dll, InProgress is Cadastra uma novo usuário
TpTrace Verbose: 0 : 31540, 10, 2022/11/19, 19:40:19.295, 1942659636736, vstest.console.dll, InProgress is Busca todas empresas
TpTrace Verbose: 0 : 31540, 10, 2022/11/19, 19:40:19.295, 1942659637075, vstest.console.dll, MulticastDelegateUtilities.SafeInvoke: TestRun.RunStatsChanged: Invoking callbacks was skipped because there are no subscribers.
TpTrace Information: 0 : 31540, 10, 2022/11/19, 19:40:19.295, 1942659637231, vstest.console.dll, TestRunRequest:SendTestRunStatsChange: Completed.
TpTrace Verbose: 0 : 31540, 10, 2022/11/19, 19:40:19.295, 1942659637453, vstest.console.dll, MulticastDelegateUtilities.SafeInvoke: LengthPrefixCommunicationChannel: MessageReceived: Invoking callback 1/1 for Microsoft.VisualStudio.TestPlatform.CommunicationUtilities.TestRequestSender+<>c__DisplayClass31_0.<StartTestRun>b__1, took 1 ms.
TpTrace Verbose: 0 : 31540, 10, 2022/11/19, 19:40:19.295, 1942659637683, vstest.console.dll, TcpClientExtensions.MessageLoopAsync: Polling on remoteEndPoint: 127.0.0.1:49255 localEndPoint: 127.0.0.1:49254
TpTrace Verbose: 0 : 31540, 10, 2022/11/19, 19:40:19.295, 1942659637928, vstest.console.dll, TcpClientExtensions.MessageLoopAsync: NotifyDataAvailable remoteEndPoint: 127.0.0.1:49255 localEndPoint: 127.0.0.1:49254
TpTrace Verbose: 0 : 31540, 10, 2022/11/19, 19:40:19.295, 1942659639061, vstest.console.dll, TestRequestSender.OnExecutionMessageReceived: Received message: {"Version":5,"MessageType":"TestExecution.StatsChange","Payload":{"NewTestResults":[{"TestCase":{"Id":"e5b0b99b-67ca-7f70-b8cb-151da65cef95","FullyQualifiedName":"demys_universidade.Test.Sources.API.Controller.UsuarioControllerTest.Post","DisplayName":"Cadastra uma novo usuário","ExecutorUri":"executor://xunit/VsTestRunner2/netcoreapp","Source":"C:\\Users\\Mabel\\Desktop\\RaroAcademy\\Projetos\\demys_tdd-universidade\\demys_universidade.Test\\bin\\Debug\\net6.0\\fine-code-coverage\\build-output\\demys_universidade.Test.dll","CodeFilePath":null,"LineNumber":0,"Properties":[{"Key":{"Id":"TestObject.Traits","Label":"Traits","Category":"","Description":"","Attributes":5,"ValueType":"System.Collections.Generic.KeyValuePair`2[[System.String],[System.String]][]"},"Value":[{"Key":"Controller","Value":"Usuario Controller"}]}]},"Attachments":[],"Outcome":1,"ErrorMessage":null,"ErrorStackTrace":null,"DisplayName":"Cadastra uma novo usuário","Messages":[],"ComputerName":"MABEL","Duration":"00:00:00.0168128","StartTime":"2022-11-19T22:40:19.2731215+00:00","EndTime":"2022-11-19T22:40:19.2731216+00:00","Properties":[]},{"TestCase":{"Id":"b74aea5d-07f5-f02a-cc75-18e06b38c98b","FullyQualifiedName":"demys_universidade.Test.Sources.API.Controller.UsuarioControllerTest.Delete","DisplayName":"Remove uma usuário existente","ExecutorUri":"executor://xunit/VsTestRunner2/netcoreapp","Source":"C:\\Users\\Mabel\\Desktop\\RaroAcademy\\Projetos\\demys_tdd-universidade\\demys_universidade.Test\\bin\\Debug\\net6.0\\fine-code-coverage\\build-output\\demys_universidade.Test.dll","CodeFilePath":null,"LineNumber":0,"Properties":[{"Key":{"Id":"TestObject.Traits","Label":"Traits","Category":"","Description":"","Attributes":5,"ValueType":"System.Collections.Generic.KeyValuePair`2[[System.String],[System.String]][]"},"Value":[{"Key":"Controller","Value":"Usuario Controller"}]}]},"Attachments":[],"Outcome":1,"ErrorMessage":null,"ErrorStackTrace":null,"DisplayName":"Remove uma usuário existente","Messages":[],"ComputerName":"MABEL","Duration":"00:00:00.0028208","StartTime":"2022-11-19T22:40:19.276544+00:00","EndTime":"2022-11-19T22:40:19.2765441+00:00","Properties":[]},{"TestCase":{"Id":"c8f1affb-a1d7-670c-ac6e-ef911789c18d","FullyQualifiedName":"demys_universidade.Test.Sources.API.Controller.CursoControllerTest.GetById","DisplayName":"Busca um Departamento por Id","ExecutorUri":"executor://xunit/VsTestRunner2/netcoreapp","Source":"C:\\Users\\Mabel\\Desktop\\RaroAcademy\\Projetos\\demys_tdd-universidade\\demys_universidade.Test\\bin\\Debug\\net6.0\\fine-code-coverage\\build-output\\demys_universidade.Test.dll","CodeFilePath":null,"LineNumber":0,"Properties":[{"Key":{"Id":"TestObject.Traits","Label":"Traits","Category":"","Description":"","Attributes":5,"ValueType":"System.Collections.Generic.KeyValuePair`2[[System.String],[System.String]][]"},"Value":[{"Key":"Controller","Value":"Curso Controller"}]}]},"Attachments":[],"Outcome":1,"ErrorMessage":null,"ErrorStackTrace":null,"DisplayName":"Busca um Departamento por Id","Messages":[],"ComputerName":"MABEL","Duration":"00:00:00.0364041","StartTime":"2022-11-19T22:40:19.2780657+00:00","EndTime":"2022-11-19T22:40:19.2780658+00:00","Properties":[]},{"TestCase":{"Id":"e287c328-96a8-6e8e-9a25-87eedfa1e323","FullyQualifiedName":"demys_universidade.Test.Sources.API.Controller.DepartamentoControllerTest.Get","DisplayName":"Busca todas empresas","ExecutorUri":"executor://xunit/VsTestRunner2/netcoreapp","Source":"C:\\Users\\Mabel\\Desktop\\RaroAcademy\\Projetos\\demys_tdd-universidade\\demys_universidade.Test\\bin\\Debug\\net6.0\\fine-code-coverage\\build-output\\demys_universidade.Test.dll","CodeFilePath":null,"LineNumber":0,"Properties":[{"Key":{"Id":"TestObject.Traits","Label":"Traits","Category":"","Description":"","Attributes":5,"ValueType":"System.Collections.Generic.KeyValuePair`2[[System.String],[System.String]][]"},"Value":[{"Key":"Controller","Value":"Departamento Controller"}]}]},"Attachments":[],"Outcome":1,"ErrorMessage":null,"ErrorStackTrace":null,"DisplayName":"Busca todas empresas","Messages":[],"ComputerName":"MABEL","Duration":"00:00:00.0219575","StartTime":"2022-11-19T22:40:19.2798144+00:00","EndTime":"2022-11-19T22:40:19.2798144+00:00","Properties":[]},{"TestCase":{"Id":"fda38954-8728-c0d3-a30e-af380828b871","FullyQualifiedName":"demys_universidade.Test.Sources.API.Controller.UsuarioControllerTest.Get","DisplayName":"Busca todos usuários","ExecutorUri":"executor://xunit/VsTestRunner2/netcoreapp","Source":"C:\\Users\\Mabel\\Desktop\\RaroAcademy\\Projetos\\demys_tdd-universidade\\demys_universidade.Test\\bin\\Debug\\net6.0\\fine-code-coverage\\build-output\\demys_universidade.Test.dll","CodeFilePath":null,"LineNumber":0,"Properties":[{"Key":{"Id":"TestObject.Traits","Label":"Traits","Category":"","Description":"","Attributes":5,"ValueType":"System.Collections.Generic.KeyValuePair`2[[System.String],[System.String]][]"},"Value":[{"Key":"Controller","Value":"Usuario Controller"}]}]},"Attachments":[],"Outcome":1,"ErrorMessage":null,"ErrorStackTrace":null,"DisplayName":"Busca todos usuários","Messages":[],"ComputerName":"MABEL","Duration":"00:00:00.0213743","StartTime":"2022-11-19T22:40:19.2813044+00:00","EndTime":"2022-11-19T22:40:19.2813045+00:00","Properties":[]},{"TestCase":{"Id":"5ea05bcf-4a89-6f0b-349e-b31256a29faa","FullyQualifiedName":"demys_universidade.Test.Sources.API.Controller.DepartamentoControllerTest.GetById","DisplayName":"Busca um Departamento por Id","ExecutorUri":"executor://xunit/VsTestRunner2/netcoreapp","Source":"C:\\Users\\Mabel\\Desktop\\RaroAcademy\\Projetos\\demys_tdd-universidade\\demys_universidade.Test\\bin\\Debug\\net6.0\\fine-code-coverage\\build-output\\demys_universidade.Test.dll","CodeFilePath":null,"LineNumber":0,"Properties":[{"Key":{"Id":"TestObject.Traits","Label":"Traits","Category":"","Description":"","Attributes":5,"ValueType":"System.Collections.Generic.KeyValuePair`2[[System.String],[System.String]][]"},"Value":[{"Key":"Controller","Value":"Departamento Controller"}]}]},"Attachments":[],"Outcome":1,"ErrorMessage":null,"ErrorStackTrace":null,"DisplayName":"Busca um Departamento por Id","Messages":[],"ComputerName":"MABEL","Duration":"00:00:00.0074531","StartTime":"2022-11-19T22:40:19.2827403+00:00","EndTime":"2022-11-19T22:40:19.2827404+00:00","Properties":[]},{"TestCase":{"Id":"9e69f768-d6ac-9ce2-194e-7300380f6a05","FullyQualifiedName":"demys_universidade.Test.Sources.API.Controller.PerfisControllerTest.GetAsync","DisplayName":"Lista Perfis","ExecutorUri":"executor://xunit/VsTestRunner2/netcoreapp","Source":"C:\\Users\\Mabel\\Desktop\\RaroAcademy\\Projetos\\demys_tdd-universidade\\demys_universidade.Test\\bin\\Debug\\net6.0\\fine-code-coverage\\build-output\\demys_universidade.Test.dll","CodeFilePath":null,"LineNumber":0,"Properties":[{"Key":{"Id":"TestObject.Traits","Label":"Traits","Category":"","Description":"","Attributes":5,"ValueType":"System.Collections.Generic.KeyValuePair`2[[System.String],[System.String]][]"},"Value":[{"Key":"Controller","Value":"Controller Perfis"}]}]},"Attachments":[],"Outcome":1,"ErrorMessage":null,"ErrorStackTrace":null,"DisplayName":"Lista Perfis","Messages":[],"ComputerName":"MABEL","Duration":"00:00:00.0477982","StartTime":"2022-11-19T22:40:19.2842479+00:00","EndTime":"2022-11-19T22:40:19.2842479+00:00","Properties":[]}],"TestRunStatistics":{"ExecutedTests":14,"Stats":{"Passed":14}},"ActiveTests":[{"Id":"d5a9d42e-f227-ee0c-cca2-d5db73994a42","FullyQualifiedName":"demys_universidade.Test.Sources.API.Controller.CursoControllerTest.Get","DisplayName":"Busca todos cursos","ExecutorUri":"executor://xunit/VsTestRunner2/netcoreapp","Source":"C:\\Users\\Mabel\\Desktop\\RaroAcademy\\Projetos\\demys_tdd-universidade\\demys_universidade.Test\\bin\\Debug\\net6.0\\fine-code-coverage\\build-output\\demys_universidade.Test.dll","CodeFilePath":null,"LineNumber":0,"Properties":[{"Key":{"Id":"TestObject.Traits","Label":"Traits","Category":"","Description":"","Attributes":5,"ValueType":"System.Collections.Generic.KeyValuePair`2[[System.String],[System.String]][]"},"Value":[{"Key":"Controller","Value":"Curso Controller"}]}]},{"Id":"6e2f03ea-4581-cea4-bf70-1e99780e33a5","FullyQualifiedName":"demys_universidade.Test.Sources.API.Controller.UsuarioControllerTest.GetById","DisplayName":"Busca um usuário por Id","ExecutorUri":"executor://xunit/VsTestRunner2/netcoreapp","Source":"C:\\Users\\Mabel\\Desktop\\RaroAcademy\\Projetos\\demys_tdd-universidade\\demys_universidade.Test\\bin\\Debug\\net6.0\\fine-code-coverage\\build-output\\demys_universidade.Test.dll","CodeFilePath":null,"LineNumber":0,"Properties":[{"Key":{"Id":"TestObject.Traits","Label":"Traits","Category":"","Description":"","Attributes":5,"ValueType":"System.Collections.Generic.KeyValuePair`2[[System.String],[System.String]][]"},"Value":[{"Key":"Controller","Value":"Usuario Controller"}]}]},{"Id":"20965d53-313e-5354-cbdd-75a53e23e64f","FullyQualifiedName":"demys_universidade.Test.Sources.API.Controller.DepartamentoControllerTest.Put","DisplayName":"Atualiza uma departamento existente","ExecutorUri":"executor://xunit/VsTestRunner2/netcoreapp","Source":"C:\\Users\\Mabel\\Desktop\\RaroAcademy\\Projetos\\demys_tdd-universidade\\demys_universidade.Test\\bin\\Debug\\net6.0\\fine-code-coverage\\build-output\\demys_universidade.Test.dll","CodeFilePath":null,"LineNumber":0,"Properties":[{"Key":{"Id":"TestObject.Traits","Label":"Traits","Category":"","Description":"","Attributes":5,"ValueType":"System.Collections.Generic.KeyValuePair`2[[System.String],[System.String]][]"},"Value":[{"Key":"Controller","Value":"Departamento Controller"}]}]}]}}
TpTrace Verbose: 0 : 31540, 4, 2022/11/19, 19:40:19.295, 1942659641333, vstest.console.dll, MulticastDelegateUtilities.SafeInvoke: InternalTestLoggerEvents.SendTestResult: Invoking callback 1/1 for Microsoft.VisualStudio.TestPlatform.CommandLine.Internal.ConsoleLogger.TestResultHandler, took 2 ms.
TpTrace Verbose: 0 : 31540, 4, 2022/11/19, 19:40:19.296, 1942659642162, vstest.console.dll, MulticastDelegateUtilities.SafeInvoke: InternalTestLoggerEvents.SendTestResult: Invoking callback 1/1 for Microsoft.VisualStudio.TestPlatform.CommandLine.Internal.ConsoleLogger.TestResultHandler, took 0 ms.
TpTrace Verbose: 0 : 31540, 4, 2022/11/19, 19:40:19.296, 1942659642417, vstest.console.dll, MulticastDelegateUtilities.SafeInvoke: InternalTestLoggerEvents.SendTestResult: Invoking callback 1/1 for Microsoft.VisualStudio.TestPlatform.CommandLine.Internal.ConsoleLogger.TestResultHandler, took 0 ms.
TpTrace Verbose: 0 : 31540, 4, 2022/11/19, 19:40:19.296, 1942659642679, vstest.console.dll, MulticastDelegateUtilities.SafeInvoke: InternalTestLoggerEvents.SendTestResult: Invoking callback 1/1 for Microsoft.VisualStudio.TestPlatform.CommandLine.Internal.ConsoleLogger.TestResultHandler, took 0 ms.
TpTrace Verbose: 0 : 31540, 4, 2022/11/19, 19:40:19.296, 1942659642895, vstest.console.dll, MulticastDelegateUtilities.SafeInvoke: InternalTestLoggerEvents.SendTestResult: Invoking callback 1/1 for Microsoft.VisualStudio.TestPlatform.CommandLine.Internal.ConsoleLogger.TestResultHandler, took 0 ms.
TpTrace Verbose: 0 : 31540, 4, 2022/11/19, 19:40:19.296, 1942659643098, vstest.console.dll, MulticastDelegateUtilities.SafeInvoke: InternalTestLoggerEvents.SendTestResult: Invoking callback 1/1 for Microsoft.VisualStudio.TestPlatform.CommandLine.Internal.ConsoleLogger.TestResultHandler, took 0 ms.
TpTrace Verbose: 0 : 31540, 4, 2022/11/19, 19:40:19.296, 1942659643375, vstest.console.dll, MulticastDelegateUtilities.SafeInvoke: InternalTestLoggerEvents.SendTestResult: Invoking callback 1/1 for Microsoft.VisualStudio.TestPlatform.CommandLine.Internal.ConsoleLogger.TestResultHandler, took 0 ms.
TpTrace Verbose: 0 : 31540, 10, 2022/11/19, 19:40:19.296, 1942659647365, vstest.console.dll, TestRunRequest:SendTestRunStatsChange: Starting.
TpTrace Verbose: 0 : 31540, 10, 2022/11/19, 19:40:19.296, 1942659647684, vstest.console.dll, InProgress is Busca todos cursos
TpTrace Verbose: 0 : 31540, 10, 2022/11/19, 19:40:19.296, 1942659647829, vstest.console.dll, InProgress is Busca um usuário por Id
TpTrace Verbose: 0 : 31540, 10, 2022/11/19, 19:40:19.296, 1942659647992, vstest.console.dll, InProgress is Atualiza uma departamento existente
TpTrace Verbose: 0 : 31540, 10, 2022/11/19, 19:40:19.296, 1942659648245, vstest.console.dll, MulticastDelegateUtilities.SafeInvoke: TestRun.RunStatsChanged: Invoking callbacks was skipped because there are no subscribers.
TpTrace Information: 0 : 31540, 10, 2022/11/19, 19:40:19.296, 1942659648396, vstest.console.dll, TestRunRequest:SendTestRunStatsChange: Completed.
TpTrace Verbose: 0 : 31540, 4, 2022/11/19, 19:40:19.296, 1942659648417, vstest.console.dll, MulticastDelegateUtilities.SafeInvoke: InternalTestLoggerEvents.SendTestResult: Invoking callback 1/1 for Microsoft.VisualStudio.TestPlatform.CommandLine.Internal.ConsoleLogger.TestResultHandler, took 0 ms.
TpTrace Verbose: 0 : 31540, 10, 2022/11/19, 19:40:19.296, 1942659648589, vstest.console.dll, MulticastDelegateUtilities.SafeInvoke: LengthPrefixCommunicationChannel: MessageReceived: Invoking callback 1/1 for Microsoft.VisualStudio.TestPlatform.CommunicationUtilities.TestRequestSender+<>c__DisplayClass31_0.<StartTestRun>b__1, took 0 ms.
TpTrace Verbose: 0 : 31540, 4, 2022/11/19, 19:40:19.296, 1942659649132, vstest.console.dll, MulticastDelegateUtilities.SafeInvoke: InternalTestLoggerEvents.SendTestResult: Invoking callback 1/1 for Microsoft.VisualStudio.TestPlatform.CommandLine.Internal.ConsoleLogger.TestResultHandler, took 0 ms.
TpTrace Verbose: 0 : 31540, 10, 2022/11/19, 19:40:19.296, 1942659649248, vstest.console.dll, TcpClientExtensions.MessageLoopAsync: Polling on remoteEndPoint: 127.0.0.1:49255 localEndPoint: 127.0.0.1:49254
TpTrace Verbose: 0 : 31540, 4, 2022/11/19, 19:40:19.296, 1942659649563, vstest.console.dll, MulticastDelegateUtilities.SafeInvoke: InternalTestLoggerEvents.SendTestResult: Invoking callback 1/1 for Microsoft.VisualStudio.TestPlatform.CommandLine.Internal.ConsoleLogger.TestResultHandler, took 0 ms.
TpTrace Verbose: 0 : 31540, 10, 2022/11/19, 19:40:19.296, 1942659649849, vstest.console.dll, TcpClientExtensions.MessageLoopAsync: NotifyDataAvailable remoteEndPoint: 127.0.0.1:49255 localEndPoint: 127.0.0.1:49254
TpTrace Verbose: 0 : 31540, 4, 2022/11/19, 19:40:19.296, 1942659650103, vstest.console.dll, MulticastDelegateUtilities.SafeInvoke: InternalTestLoggerEvents.SendTestResult: Invoking callback 1/1 for Microsoft.VisualStudio.TestPlatform.CommandLine.Internal.ConsoleLogger.TestResultHandler, took 0 ms.
TpTrace Verbose: 0 : 31540, 10, 2022/11/19, 19:40:19.296, 1942659650336, vstest.console.dll, TestRequestSender.OnExecutionMessageReceived: Received message: {"Version":5,"MessageType":"TestSession.Message","Payload":{"MessageLevel":0,"Message":"[xUnit.net 00:00:01.51]   Finished:    demys_universidade.Test"}}
TpTrace Verbose: 0 : 31540, 4, 2022/11/19, 19:40:19.296, 1942659650362, vstest.console.dll, MulticastDelegateUtilities.SafeInvoke: InternalTestLoggerEvents.SendTestResult: Invoking callback 1/1 for Microsoft.VisualStudio.TestPlatform.CommandLine.Internal.ConsoleLogger.TestResultHandler, took 0 ms.
TpTrace Verbose: 0 : 31540, 4, 2022/11/19, 19:40:19.296, 1942659650868, vstest.console.dll, MulticastDelegateUtilities.SafeInvoke: InternalTestLoggerEvents.SendTestResult: Invoking callback 1/1 for Microsoft.VisualStudio.TestPlatform.CommandLine.Internal.ConsoleLogger.TestResultHandler, took 0 ms.
TpTrace Verbose: 0 : 31540, 10, 2022/11/19, 19:40:19.296, 1942659650906, vstest.console.dll, TestRunRequest:SendTestRunMessage: Starting.
TpTrace Verbose: 0 : 31540, 10, 2022/11/19, 19:40:19.296, 1942659651409, vstest.console.dll, MulticastDelegateUtilities.SafeInvoke: TestRun.LogMessages: Invoking callback 1/1 for Microsoft.VisualStudio.TestPlatform.CommandLine.TestRunResultAggregator.TestRunMessageHandler, took 0 ms.
TpTrace Information: 0 : 31540, 10, 2022/11/19, 19:40:19.296, 1942659651574, vstest.console.dll, TestRunRequest:SendTestRunMessage: Completed.
TpTrace Verbose: 0 : 31540, 10, 2022/11/19, 19:40:19.296, 1942659651729, vstest.console.dll, MulticastDelegateUtilities.SafeInvoke: LengthPrefixCommunicationChannel: MessageReceived: Invoking callback 1/1 for Microsoft.VisualStudio.TestPlatform.CommunicationUtilities.TestRequestSender+<>c__DisplayClass31_0.<StartTestRun>b__1, took 0 ms.
TpTrace Verbose: 0 : 31540, 10, 2022/11/19, 19:40:19.296, 1942659651884, vstest.console.dll, TcpClientExtensions.MessageLoopAsync: Polling on remoteEndPoint: 127.0.0.1:49255 localEndPoint: 127.0.0.1:49254
TpTrace Verbose: 0 : 31540, 4, 2022/11/19, 19:40:19.298, 1942659664558, vstest.console.dll, MulticastDelegateUtilities.SafeInvoke: InternalTestLoggerEvents.SendTestResult: Invoking callback 1/1 for Microsoft.VisualStudio.TestPlatform.CommandLine.Internal.ConsoleLogger.TestResultHandler, took 1 ms.
TpTrace Verbose: 0 : 31540, 4, 2022/11/19, 19:40:19.298, 1942659664981, vstest.console.dll, MulticastDelegateUtilities.SafeInvoke: InternalTestLoggerEvents.SendTestRunMessage: Invoking callback 1/1 for Microsoft.VisualStudio.TestPlatform.CommandLine.Internal.ConsoleLogger.TestMessageHandler, took 0 ms.
TpTrace Verbose: 0 : 31540, 10, 2022/11/19, 19:40:19.304, 1942659723248, vstest.console.dll, TcpClientExtensions.MessageLoopAsync: NotifyDataAvailable remoteEndPoint: 127.0.0.1:49255 localEndPoint: 127.0.0.1:49254
TpTrace Verbose: 0 : 31540, 10, 2022/11/19, 19:40:19.304, 1942659724621, vstest.console.dll, TestRequestSender.OnExecutionMessageReceived: Received message: {"Version":5,"MessageType":"TestExecution.Completed","Payload":{"TestRunCompleteArgs":{"TestRunStatistics":{"ExecutedTests":21,"Stats":{"Passed":21}},"IsCanceled":false,"IsAborted":false,"Error":null,"AttachmentSets":[],"ElapsedTimeInRunningTests":"00:00:01.5195877","Metrics":{}},"LastRunTests":{"NewTestResults":[{"TestCase":{"Id":"20965d53-313e-5354-cbdd-75a53e23e64f","FullyQualifiedName":"demys_universidade.Test.Sources.API.Controller.DepartamentoControllerTest.Put","DisplayName":"Atualiza uma departamento existente","ExecutorUri":"executor://xunit/VsTestRunner2/netcoreapp","Source":"C:\\Users\\Mabel\\Desktop\\RaroAcademy\\Projetos\\demys_tdd-universidade\\demys_universidade.Test\\bin\\Debug\\net6.0\\fine-code-coverage\\build-output\\demys_universidade.Test.dll","CodeFilePath":null,"LineNumber":0,"Properties":[{"Key":{"Id":"TestObject.Traits","Label":"Traits","Category":"","Description":"","Attributes":5,"ValueType":"System.Collections.Generic.KeyValuePair`2[[System.String],[System.String]][]"},"Value":[{"Key":"Controller","Value":"Departamento Controller"}]}]},"Attachments":[],"Outcome":1,"ErrorMessage":null,"ErrorStackTrace":null,"DisplayName":"Atualiza uma departamento existente","Messages":[],"ComputerName":"MABEL","Duration":"00:00:00.0054702","StartTime":"2022-11-19T22:40:19.2865946+00:00","EndTime":"2022-11-19T22:40:19.2865946+00:00","Properties":[]},{"TestCase":{"Id":"22f7a033-6c31-f9f7-7659-f1d9c9397235","FullyQualifiedName":"demys_universidade.Test.Sources.API.Controller.PerfisControllerTest.Put","DisplayName":"Edita Perfil Existente","ExecutorUri":"executor://xunit/VsTestRunner2/netcoreapp","Source":"C:\\Users\\Mabel\\Desktop\\RaroAcademy\\Projetos\\demys_tdd-universidade\\demys_universidade.Test\\bin\\Debug\\net6.0\\fine-code-coverage\\build-output\\demys_universidade.Test.dll","CodeFilePath":null,"LineNumber":0,"Properties":[{"Key":{"Id":"TestObject.Traits","Label":"Traits","Category":"","Description":"","Attributes":5,"ValueType":"System.Collections.Generic.KeyValuePair`2[[System.String],[System.String]][]"},"Value":[{"Key":"Controller","Value":"Controller Perfis"}]}]},"Attachments":[],"Outcome":1,"ErrorMessage":null,"ErrorStackTrace":null,"DisplayName":"Edita Perfil Existente","Messages":[],"ComputerName":"MABEL","Duration":"00:00:00.0073075","StartTime":"2022-11-19T22:40:19.2875151+00:00","EndTime":"2022-11-19T22:40:19.2875152+00:00","Properties":[]},{"TestCase":{"Id":"6e2f03ea-4581-cea4-bf70-1e99780e33a5","FullyQualifiedName":"demys_universidade.Test.Sources.API.Controller.UsuarioControllerTest.GetById","DisplayName":"Busca um usuário por Id","ExecutorUri":"executor://xunit/VsTestRunner2/netcoreapp","Source":"C:\\Users\\Mabel\\Desktop\\RaroAcademy\\Projetos\\demys_tdd-universidade\\demys_universidade.Test\\bin\\Debug\\net6.0\\fine-code-coverage\\build-output\\demys_universidade.Test.dll","CodeFilePath":null,"LineNumber":0,"Properties":[{"Key":{"Id":"TestObject.Traits","Label":"Traits","Category":"","Description":"","Attributes":5,"ValueType":"System.Collections.Generic.KeyValuePair`2[[System.String],[System.String]][]"},"Value":[{"Key":"Controller","Value":"Usuario Controller"}]}]},"Attachments":[],"Outcome":1,"ErrorMessage":null,"ErrorStackTrace":null,"DisplayName":"Busca um usuário por Id","Messages":[],"ComputerName":"MABEL","Duration":"00:00:00.0134111","StartTime":"2022-11-19T22:40:19.2881967+00:00","EndTime":"2022-11-19T22:40:19.2881967+00:00","Properties":[]},{"TestCase":{"Id":"d5a9d42e-f227-ee0c-cca2-d5db73994a42","FullyQualifiedName":"demys_universidade.Test.Sources.API.Controller.CursoControllerTest.Get","DisplayName":"Busca todos cursos","ExecutorUri":"executor://xunit/VsTestRunner2/netcoreapp","Source":"C:\\Users\\Mabel\\Desktop\\RaroAcademy\\Projetos\\demys_tdd-universidade\\demys_universidade.Test\\bin\\Debug\\net6.0\\fine-code-coverage\\build-output\\demys_universidade.Test.dll","CodeFilePath":null,"LineNumber":0,"Properties":[{"Key":{"Id":"TestObject.Traits","Label":"Traits","Category":"","Description":"","Attributes":5,"ValueType":"System.Collections.Generic.KeyValuePair`2[[System.String],[System.String]][]"},"Value":[{"Key":"Controller","Value":"Curso Controller"}]}]},"Attachments":[],"Outcome":1,"ErrorMessage":null,"ErrorStackTrace":null,"DisplayName":"Busca todos cursos","Messages":[],"ComputerName":"MABEL","Duration":"00:00:00.0346682","StartTime":"2022-11-19T22:40:19.289669+00:00","EndTime":"2022-11-19T22:40:19.2896691+00:00","Properties":[]},{"TestCase":{"Id":"b92648f6-0747-1eeb-51b2-487b7b458890","FullyQualifiedName":"demys_universidade.Test.Sources.API.Controller.CursoControllerTest.Post","DisplayName":"Cadastra uma novo curso","ExecutorUri":"executor://xunit/VsTestRunner2/netcoreapp","Source":"C:\\Users\\Mabel\\Desktop\\RaroAcademy\\Projetos\\demys_tdd-universidade\\demys_universidade.Test\\bin\\Debug\\net6.0\\fine-code-coverage\\build-output\\demys_universidade.Test.dll","CodeFilePath":null,"LineNumber":0,"Properties":[{"Key":{"Id":"TestObject.Traits","Label":"Traits","Category":"","Description":"","Attributes":5,"ValueType":"System.Collections.Generic.KeyValuePair`2[[System.String],[System.String]][]"},"Value":[{"Key":"Controller","Value":"Curso Controller"}]}]},"Attachments":[],"Outcome":1,"ErrorMessage":null,"ErrorStackTrace":null,"DisplayName":"Cadastra uma novo curso","Messages":[],"ComputerName":"MABEL","Duration":"00:00:00.0084137","StartTime":"2022-11-19T22:40:19.2909752+00:00","EndTime":"2022-11-19T22:40:19.2909753+00:00","Properties":[]},{"TestCase":{"Id":"503adf55-0115-dc0a-2861-e78f4cab5a5a","FullyQualifiedName":"demys_universidade.Test.Sources.API.Controller.CursoControllerTest.Put","DisplayName":"Atualiza uma curso existente","ExecutorUri":"executor://xunit/VsTestRunner2/netcoreapp","Source":"C:\\Users\\Mabel\\Desktop\\RaroAcademy\\Projetos\\demys_tdd-universidade\\demys_universidade.Test\\bin\\Debug\\net6.0\\fine-code-coverage\\build-output\\demys_universidade.Test.dll","CodeFilePath":null,"LineNumber":0,"Properties":[{"Key":{"Id":"TestObject.Traits","Label":"Traits","Category":"","Description":"","Attributes":5,"ValueType":"System.Collections.Generic.KeyValuePair`2[[System.String],[System.String]][]"},"Value":[{"Key":"Controller","Value":"Curso Controller"}]}]},"Attachments":[],"Outcome":1,"ErrorMessage":null,"ErrorStackTrace":null,"DisplayName":"Atualiza uma curso existente","Messages":[],"ComputerName":"MABEL","Duration":"00:00:00.0034149","StartTime":"2022-11-19T22:40:19.2922597+00:00","EndTime":"2022-11-19T22:40:19.2922597+00:00","Properties":[]},{"TestCase":{"Id":"59295bd6-cfd4-974b-573a-bb65dbb6f102","FullyQualifiedName":"demys_universidade.Test.Sources.API.Controller.PerfisControllerTest.GetById","DisplayName":"Busca Perfil Id","ExecutorUri":"executor://xunit/VsTestRunner2/netcoreapp","Source":"C:\\Users\\Mabel\\Desktop\\RaroAcademy\\Projetos\\demys_tdd-universidade\\demys_universidade.Test\\bin\\Debug\\net6.0\\fine-code-coverage\\build-output\\demys_universidade.Test.dll","CodeFilePath":null,"LineNumber":0,"Properties":[{"Key":{"Id":"TestObject.Traits","Label":"Traits","Category":"","Description":"","Attributes":5,"ValueType":"System.Collections.Generic.KeyValuePair`2[[System.String],[System.String]][]"},"Value":[{"Key":"Controller","Value":"Controller Perfis"}]}]},"Attachments":[],"Outcome":1,"ErrorMessage":null,"ErrorStackTrace":null,"DisplayName":"Busca Perfil Id","Messages":[],"ComputerName":"MABEL","Duration":"00:00:00.0160524","StartTime":"2022-11-19T22:40:19.292936+00:00","EndTime":"2022-11-19T22:40:19.292936+00:00","Properties":[]}],"TestRunStatistics":{"ExecutedTests":21,"Stats":{"Passed":21}},"ActiveTests":[]},"RunAttachments":[],"ExecutorUris":["executor://xunit/VsTestRunner2/netcoreapp"]}}
TpTrace Verbose: 0 : 31540, 10, 2022/11/19, 19:40:19.304, 1942659725689, vstest.console.dll, TestRequestSender.EndSession: Sending end session.
TpTrace Verbose: 0 : 31540, 10, 2022/11/19, 19:40:19.304, 1942659726592, vstest.console.dll, ProxyOperationManager.Close: waiting for test host to exit for 100 ms
TpTrace Warning: 0 : 31540, 12, 2022/11/19, 19:40:19.318, 1942659871256, vstest.console.dll, TestHostManagerCallbacks.ErrorReceivedCallback Test host standard error line: 
TpTrace Verbose: 0 : 31540, 12, 2022/11/19, 19:40:19.335, 1942660041493, vstest.console.dll, TestHostProvider.ExitCallBack: Host exited starting callback.
TpTrace Information: 0 : 31540, 12, 2022/11/19, 19:40:19.336, 1942660044518, vstest.console.dll, TestHostManagerCallbacks.ExitCallBack: Testhost processId: 15968 exited with exitcode: 0 error: ''
TpTrace Verbose: 0 : 31540, 12, 2022/11/19, 19:40:19.336, 1942660044836, vstest.console.dll, DotnetTestHostManager.OnHostExited: invoking OnHostExited callback
TpTrace Verbose: 0 : 31540, 12, 2022/11/19, 19:40:19.336, 1942660045171, vstest.console.dll, CrossPlatEngine.TestHostManagerHostExited: calling on client process exit callback.
TpTrace Information: 0 : 31540, 12, 2022/11/19, 19:40:19.336, 1942660045482, vstest.console.dll, TestRequestSender.OnClientProcessExit: Test host process exited. Standard error: 
TpTrace Information: 0 : 31540, 12, 2022/11/19, 19:40:19.336, 1942660045687, vstest.console.dll, SocketServer.Stop: Stop server endPoint: 127.0.0.1:49254
TpTrace Information: 0 : 31540, 10, 2022/11/19, 19:40:19.336, 1942660045668, vstest.console.dll, SocketServer.Stop: Stop server endPoint: 127.0.0.1:49254
TpTrace Information: 0 : 31540, 12, 2022/11/19, 19:40:19.336, 1942660045837, vstest.console.dll, SocketServer.Stop: Cancellation requested. Stopping message loop.
TpTrace Information: 0 : 31540, 10, 2022/11/19, 19:40:19.336, 1942660046130, vstest.console.dll, SocketServer.Stop: Cancellation requested. Stopping message loop.
TpTrace Information: 0 : 31540, 10, 2022/11/19, 19:40:19.336, 1942660046520, vstest.console.dll, Closing the connection
TpTrace Verbose: 0 : 31540, 12, 2022/11/19, 19:40:19.336, 1942660046805, vstest.console.dll, MulticastDelegateUtilities.SafeInvoke: HostProviderEvents.OnHostExited: Invoking callback 1/1 for Microsoft.VisualStudio.TestPlatform.CrossPlatEngine.Client.ProxyOperationManager.TestHostManagerHostExited, took 0 ms.
TpTrace Verbose: 0 : 31540, 10, 2022/11/19, 19:40:19.336, 1942660047985, vstest.console.dll, ProxyDataCollectionManager.InvokeDataCollectionServiceAction: Starting.
TpTrace Information: 0 : 31540, 10, 2022/11/19, 19:40:19.336, 1942660048265, vstest.console.dll, ProxyDataCollectionManager.AfterTestRunEnd: Get attachment set and invoked data collectors processId: 19512 port: 49251
TpTrace Verbose: 0 : 31540, 10, 2022/11/19, 19:40:19.336, 1942660048543, vstest.console.dll, DataCollectionRequestSender.SendAfterTestRunStartAndGetResult: Send AfterTestRunEnd message with isCancelled: False
TpTrace Verbose: 0 : 31540, 10, 2022/11/19, 19:40:19.341, 1942660094274, vstest.console.dll, DataCollectionRequestSender.SendAfterTestRunStartAndGetResult: Received message: (DataCollection.AfterTestRunEndResult) -> {"MessageType":"DataCollection.AfterTestRunEndResult","Payload":{"AttachmentSets":[],"InvokedDataCollectors":[{"Uri":"datacollector://Microsoft/TestPlatform/Extensions/Blame/v1","FriendlyName":"Blame","AssemblyQualifiedName":"Microsoft.TestPlatform.Extensions.BlameDataCollector.BlameCollector, Microsoft.TestPlatform.Extensions.BlameDataCollector, Version=15.0.0.0, Culture=neutral, PublicKeyToken=b03f5f7f11d50a3a","FilePath":"C:\\Program Files\\dotnet\\sdk\\6.0.403\\Extensions\\Microsoft.TestPlatform.Extensions.BlameDataCollector.dll","HasAttachmentProcessor":false}],"Metrics":{}}}
TpTrace Information: 0 : 31540, 10, 2022/11/19, 19:40:19.344, 1942660127227, vstest.console.dll, ProxyDataCollectionManager.InvokeDataCollectionServiceAction: Completed.
TpTrace Warning: 0 : 31540, 9, 2022/11/19, 19:40:19.344, 1942660127380, vstest.console.dll, DataCollectionLauncher.ErrorReceivedCallback datacollector standard error line: 
TpTrace Information: 0 : 31540, 9, 2022/11/19, 19:40:19.348, 1942660163660, vstest.console.dll, DataCollectionLauncher.ExitCallBack: Data collector exited with exitcode: 0 error: ''
TpTrace Verbose: 0 : 31540, 10, 2022/11/19, 19:40:19.375, 1942660436985, vstest.console.dll, TestRunRequest:SendTestRunStatsChange: Starting.
TpTrace Verbose: 0 : 31540, 10, 2022/11/19, 19:40:19.375, 1942660437812, vstest.console.dll, MulticastDelegateUtilities.SafeInvoke: TestRun.RunStatsChanged: Invoking callbacks was skipped because there are no subscribers.
TpTrace Information: 0 : 31540, 10, 2022/11/19, 19:40:19.375, 1942660437973, vstest.console.dll, TestRunRequest:SendTestRunStatsChange: Completed.
TpTrace Verbose: 0 : 31540, 4, 2022/11/19, 19:40:19.375, 1942660438147, vstest.console.dll, MulticastDelegateUtilities.SafeInvoke: InternalTestLoggerEvents.SendTestResult: Invoking callback 1/1 for Microsoft.VisualStudio.TestPlatform.CommandLine.Internal.ConsoleLogger.TestResultHandler, took 0 ms.
TpTrace Verbose: 0 : 31540, 4, 2022/11/19, 19:40:19.375, 1942660438533, vstest.console.dll, MulticastDelegateUtilities.SafeInvoke: InternalTestLoggerEvents.SendTestResult: Invoking callback 1/1 for Microsoft.VisualStudio.TestPlatform.CommandLine.Internal.ConsoleLogger.TestResultHandler, took 0 ms.
TpTrace Verbose: 0 : 31540, 4, 2022/11/19, 19:40:19.375, 1942660438743, vstest.console.dll, MulticastDelegateUtilities.SafeInvoke: InternalTestLoggerEvents.SendTestResult: Invoking callback 1/1 for Microsoft.VisualStudio.TestPlatform.CommandLine.Internal.ConsoleLogger.TestResultHandler, took 0 ms.
TpTrace Verbose: 0 : 31540, 4, 2022/11/19, 19:40:19.375, 1942660438969, vstest.console.dll, MulticastDelegateUtilities.SafeInvoke: InternalTestLoggerEvents.SendTestResult: Invoking callback 1/1 for Microsoft.VisualStudio.TestPlatform.CommandLine.Internal.ConsoleLogger.TestResultHandler, took 0 ms.
TpTrace Verbose: 0 : 31540, 4, 2022/11/19, 19:40:19.375, 1942660439170, vstest.console.dll, MulticastDelegateUtilities.SafeInvoke: InternalTestLoggerEvents.SendTestResult: Invoking callback 1/1 for Microsoft.VisualStudio.TestPlatform.CommandLine.Internal.ConsoleLogger.TestResultHandler, took 0 ms.
TpTrace Verbose: 0 : 31540, 4, 2022/11/19, 19:40:19.375, 1942660439367, vstest.console.dll, MulticastDelegateUtilities.SafeInvoke: InternalTestLoggerEvents.SendTestResult: Invoking callback 1/1 for Microsoft.VisualStudio.TestPlatform.CommandLine.Internal.ConsoleLogger.TestResultHandler, took 0 ms.
TpTrace Verbose: 0 : 31540, 10, 2022/11/19, 19:40:19.375, 1942660439698, vstest.console.dll, ParallelProxyExecutionManager: HandlePartialRunComplete: Total completed clients = 1, Run complete = True, Run canceled: False.
TpTrace Verbose: 0 : 31540, 4, 2022/11/19, 19:40:19.375, 1942660440226, vstest.console.dll, MulticastDelegateUtilities.SafeInvoke: InternalTestLoggerEvents.SendTestResult: Invoking callback 1/1 for Microsoft.VisualStudio.TestPlatform.CommandLine.Internal.ConsoleLogger.TestResultHandler, took 0 ms.
TpTrace Verbose: 0 : 31540, 4, 2022/11/19, 19:40:19.382, 1942660502141, vstest.console.dll, MulticastDelegateUtilities.SafeInvoke: InternalTestLoggerEvents.SendTestRunComplete: Invoking callback 1/2 for Microsoft.TestPlatform.Extensions.BlameDataCollector.BlameLogger.TestRunCompleteHandler, took 0 ms.
TpTrace Verbose: 0 : 31540, 4, 2022/11/19, 19:40:19.385, 1942660535810, vstest.console.dll, MulticastDelegateUtilities.SafeInvoke: InternalTestLoggerEvents.SendTestRunComplete: Invoking callback 2/2 for Microsoft.VisualStudio.TestPlatform.CommandLine.Internal.ConsoleLogger.TestRunCompleteHandler, took 3 ms.
TpTrace Verbose: 0 : 31540, 10, 2022/11/19, 19:40:19.385, 1942660537065, vstest.console.dll, TestRunRequest:TestRunComplete: Starting. IsAborted:False IsCanceled:False.
TpTrace Verbose: 0 : 31540, 10, 2022/11/19, 19:40:19.386, 1942660544797, vstest.console.dll, TestLoggerManager.HandleTestRunComplete: Ignoring as the object is disposed.
TpTrace Verbose: 0 : 31540, 10, 2022/11/19, 19:40:19.386, 1942660545784, vstest.console.dll, MulticastDelegateUtilities.SafeInvoke: TestRun.TestRunComplete: Invoking callback 1/2 for Microsoft.VisualStudio.TestPlatform.CommandLine.TestRunResultAggregator.TestRunCompletionHandler, took 0 ms.
TpTrace Verbose: 0 : 31540, 10, 2022/11/19, 19:40:19.386, 1942660546176, vstest.console.dll, MulticastDelegateUtilities.SafeInvoke: TestRun.TestRunComplete: Invoking callback 2/2 for Microsoft.VisualStudio.TestPlatform.CommandLine.Processors.RunTestsArgumentExecutor+TestRunRequestEventsRegistrar.TestRunRequest_OnRunCompletion, took 0 ms.
TpTrace Information: 0 : 31540, 10, 2022/11/19, 19:40:19.386, 1942660546719, vstest.console.dll, TestRunRequest:TestRunComplete: Completed.
TpTrace Verbose: 0 : 31540, 1, 2022/11/19, 19:40:19.386, 1942660546821, vstest.console.dll, TestRunRequest.Dispose: Starting.
TpTrace Verbose: 0 : 31540, 10, 2022/11/19, 19:40:19.386, 1942660546933, vstest.console.dll, TestRequestSender.SetOperationComplete: Setting operation complete.
TpTrace Information: 0 : 31540, 10, 2022/11/19, 19:40:19.386, 1942660547392, vstest.console.dll, SocketServer.Stop: Stop server endPoint: 127.0.0.1:49254
TpTrace Information: 0 : 31540, 1, 2022/11/19, 19:40:19.386, 1942660547241, vstest.console.dll, TestRunRequest.Dispose: Completed.
TpTrace Information: 0 : 31540, 10, 2022/11/19, 19:40:19.386, 1942660547600, vstest.console.dll, SocketServer.Stop: Cancellation requested. Stopping message loop.
TpTrace Information: 0 : 31540, 1, 2022/11/19, 19:40:19.386, 1942660548661, vstest.console.dll, TestRequestManager.RunTests: run tests completed.
TpTrace Verbose: 0 : 31540, 10, 2022/11/19, 19:40:19.386, 1942660548787, vstest.console.dll, MulticastDelegateUtilities.SafeInvoke: LengthPrefixCommunicationChannel: MessageReceived: Invoking callback 1/1 for Microsoft.VisualStudio.TestPlatform.CommunicationUtilities.TestRequestSender+<>c__DisplayClass31_0.<StartTestRun>b__1, took 82 ms.
TpTrace Information: 0 : 31540, 10, 2022/11/19, 19:40:19.386, 1942660549237, vstest.console.dll, SocketServer.PrivateStop: Stopping server endPoint: 127.0.0.1:49254 error: 
TpTrace Information: 0 : 31540, 1, 2022/11/19, 19:40:19.386, 1942660549462, vstest.console.dll, RunTestsArgumentProcessor:Execute: Test run is completed.
TpTrace Verbose: 0 : 31540, 1, 2022/11/19, 19:40:19.386, 1942660550899, vstest.console.dll, Executor.Execute: Exiting with exit code of 0
TpTrace Verbose: 0 : 31540, 10, 2022/11/19, 19:40:19.387, 1942660552575, vstest.console.dll, LengthPrefixCommunicationChannel.Dispose: Dispose reader and writer.
TpTrace Information: 0 : 31540, 10, 2022/11/19, 19:40:19.387, 1942660553082, vstest.console.dll, SocketServer.Stop: Raise disconnected event endPoint: 127.0.0.1:49254 error: 
TpTrace Verbose: 0 : 31540, 10, 2022/11/19, 19:40:19.387, 1942660553502, vstest.console.dll, TestRequestSender: OnTestRunAbort: Operation is already complete. Skip error message.
